#
# There is insufficient memory for the Java Runtime Environment to continue.
# Native memory allocation (malloc) failed to allocate 1172496 bytes for Chunk::new
# Possible reasons:
#   The system is out of physical RAM or swap space
#   The process is running with CompressedOops enabled, and the Java Heap may be blocking the growth of the native heap
# Possible solutions:
#   Reduce memory load on the system
#   Increase physical memory or swap space
#   Check if swap backing store is full
#   Decrease Java heap size (-Xmx/-Xms)
#   Decrease number of Java threads
#   Decrease Java thread stack sizes (-Xss)
#   Set larger code cache with -XX:ReservedCodeCacheSize=
#   JVM is running with Unscaled Compressed Oops mode in which the Java heap is
#     placed in the first 4GB address space. The Java Heap base address is the
#     maximum limit for the native heap growth. Please use -XX:HeapBaseMinAddress
#     to set the Java Heap base and to place the Java Heap above 4GB virtual address.
# This output file may be truncated or incomplete.
#
#  Out of Memory Error (c:/BuildAgent/work/1eae4dac1d648407/src/hotspot/share/memory/arena.cpp:197), pid=7640, tid=9148
#
# JRE version: OpenJDK Runtime Environment (11.0.6+8) (build 11.0.6+8-b765.25)
# Java VM: OpenJDK 64-Bit Server VM (11.0.6+8-b765.25, mixed mode, sharing, tiered, compressed oops, g1 gc, windows-amd64)
# No core dump will be written. Minidumps are not enabled by default on client versions of Windows
#

---------------  S U M M A R Y ------------

Command Line: --add-opens=java.base/java.util=ALL-UNNAMED --add-opens=java.base/java.lang=ALL-UNNAMED --add-opens=java.base/java.lang.invoke=ALL-UNNAMED --add-opens=java.prefs/java.util.prefs=ALL-UNNAMED -Xmx1536m -Dfile.encoding=windows-1251 -Duser.country=RU -Duser.language=ru -Duser.variant org.gradle.launcher.daemon.bootstrap.GradleDaemon 5.6.4

Host: Intel(R) Pentium(R) CPU N4200 @ 1.10GHz, 4 cores, 3G,  Windows 10 , 64 bit Build 19041 (10.0.19041.207)
Time: Sat Apr 18 19:09:39 2020 Центральноевропейский (лето) elapsed time: 12 seconds (0d 0h 0m 12s)

---------------  T H R E A D  ---------------

Current thread (0x000002aef0038000):  JavaThread "C2 CompilerThread1" daemon [_thread_in_native, id=9148, stack(0x000000db05200000,0x000000db05300000)]


Current CompileTask:
C2:  12286 2760   !   4       java.net.URL::<init> (543 bytes)

Stack: [0x000000db05200000,0x000000db05300000]
Native frames: (J=compiled Java code, j=interpreted, Vv=VM code, C=native code)
V  [jvm.dll+0x5de3ca]
V  [jvm.dll+0x710ae5]
V  [jvm.dll+0x712005]
V  [jvm.dll+0x7126b3]
V  [jvm.dll+0x23e708]
V  [jvm.dll+0xb89bc]
V  [jvm.dll+0xb8ebc]
V  [jvm.dll+0x3502fd]
V  [jvm.dll+0x19457c]
V  [jvm.dll+0x1f79ee]
V  [jvm.dll+0x1f6ab4]
V  [jvm.dll+0x17f90c]
V  [jvm.dll+0x204ed7]
V  [jvm.dll+0x203741]
V  [jvm.dll+0x6daa4f]
V  [jvm.dll+0x6d38ad]
V  [jvm.dll+0x5dd366]
C  [ucrtbase.dll+0x21542]
C  [KERNEL32.DLL+0x16fd4]
C  [ntdll.dll+0x4cec1]


---------------  P R O C E S S  ---------------

Threads class SMR info:
_java_thread_list=0x000002aeedfce4f0, length=28, elements={
0x000002aed4426800, 0x000002aed450e000, 0x000002aeed278800, 0x000002aeed291000,
0x000002aeed292800, 0x000002aeed293800, 0x000002aeed29b000, 0x000002aeed2a1800,
0x000002aeedd19800, 0x000002aeedd1f800, 0x000002aeefebd800, 0x000002aef110f800,
0x000002aeefac1800, 0x000002aeee817000, 0x000002aeee818000, 0x000002aeef40d800,
0x000002aeef40e000, 0x000002aeed318800, 0x000002aeeea04000, 0x000002aeed30c000,
0x000002aef0f56000, 0x000002aef0f55800, 0x000002aef0f53800, 0x000002aef0f52000,
0x000002aeee90f000, 0x000002aeee911000, 0x000002aef0038000, 0x000002aeee912000
}

Java Threads: ( => current thread )
  0x000002aed4426800 JavaThread "main" [_thread_blocked, id=7952, stack(0x000000db02e00000,0x000000db02f00000)]
  0x000002aed450e000 JavaThread "Reference Handler" daemon [_thread_blocked, id=2484, stack(0x000000db03500000,0x000000db03600000)]
  0x000002aeed278800 JavaThread "Finalizer" daemon [_thread_blocked, id=3348, stack(0x000000db03600000,0x000000db03700000)]
  0x000002aeed291000 JavaThread "Signal Dispatcher" daemon [_thread_blocked, id=8004, stack(0x000000db03700000,0x000000db03800000)]
  0x000002aeed292800 JavaThread "Attach Listener" daemon [_thread_blocked, id=3824, stack(0x000000db03800000,0x000000db03900000)]
  0x000002aeed293800 JavaThread "C2 CompilerThread0" daemon [_thread_blocked, id=10236, stack(0x000000db03900000,0x000000db03a00000)]
  0x000002aeed29b000 JavaThread "C1 CompilerThread0" daemon [_thread_blocked, id=4568, stack(0x000000db03a00000,0x000000db03b00000)]
  0x000002aeed2a1800 JavaThread "Sweeper thread" daemon [_thread_blocked, id=8652, stack(0x000000db03b00000,0x000000db03c00000)]
  0x000002aeedd19800 JavaThread "Common-Cleaner" daemon [_thread_blocked, id=3564, stack(0x000000db03c00000,0x000000db03d00000)]
  0x000002aeedd1f800 JavaThread "Service Thread" daemon [_thread_blocked, id=240, stack(0x000000db03d00000,0x000000db03e00000)]
  0x000002aeefebd800 JavaThread "Daemon health stats" [_thread_blocked, id=7308, stack(0x000000db04100000,0x000000db04200000)]
  0x000002aef110f800 JavaThread "Incoming local TCP Connector on port 59450" [_thread_in_native, id=7612, stack(0x000000db04000000,0x000000db04100000)]
  0x000002aeefac1800 JavaThread "Daemon periodic checks" [_thread_blocked, id=148, stack(0x000000db04400000,0x000000db04500000)]
  0x000002aeee817000 JavaThread "Daemon" [_thread_blocked, id=8808, stack(0x000000db04500000,0x000000db04600000)]
  0x000002aeee818000 JavaThread "Handler for socket connection from /127.0.0.1:59450 to /127.0.0.1:59451" [_thread_in_native, id=8696, stack(0x000000db04600000,0x000000db04700000)]
  0x000002aeef40d800 JavaThread "Cancel handler" [_thread_blocked, id=2864, stack(0x000000db04700000,0x000000db04800000)]
  0x000002aeef40e000 JavaThread "Daemon worker" [_thread_in_vm, id=188, stack(0x000000db04800000,0x000000db04900000)]
  0x000002aeed318800 JavaThread "Asynchronous log dispatcher for DefaultDaemonConnection: socket connection from /127.0.0.1:59450 to /127.0.0.1:59451" [_thread_blocked, id=5452, stack(0x000000db04900000,0x000000db04a00000)]
  0x000002aeeea04000 JavaThread "Stdin handler" [_thread_blocked, id=2676, stack(0x000000db04a00000,0x000000db04b00000)]
  0x000002aeed30c000 JavaThread "Thread-8" [_thread_blocked, id=7872, stack(0x000000db04b00000,0x000000db04c00000)]
  0x000002aef0f56000 JavaThread "Cache worker for file hash cache (C:\Users\1\.gradle\caches\5.6.4\fileHashes)" [_thread_blocked, id=1408, stack(0x000000db04c00000,0x000000db04d00000)]
  0x000002aef0f55800 JavaThread "File lock request listener" [_thread_in_native, id=10224, stack(0x000000db04d00000,0x000000db04e00000)]
  0x000002aef0f53800 JavaThread "Cache worker for journal cache (C:\Users\1\.gradle\caches\journal-1)" [_thread_blocked, id=2736, stack(0x000000db04e00000,0x000000db04f00000)]
  0x000002aef0f52000 JavaThread "Cache worker for file hash cache (C:\Users\1\IntelliJIDEAProjects\ModEngineBook\.gradle\5.6.4\fileHashes)" [_thread_blocked, id=1572, stack(0x000000db05000000,0x000000db05100000)]
  0x000002aeee90f000 JavaThread "Cache worker for cache directory md-supplier (C:\Users\1\.gradle\caches\5.6.4\md-supplier)" [_thread_blocked, id=4364, stack(0x000000db04f00000,0x000000db05000000)]
  0x000002aeee911000 JavaThread "Cache worker for cache directory md-rule (C:\Users\1\.gradle\caches\5.6.4\md-rule)" [_thread_blocked, id=2440, stack(0x000000db05100000,0x000000db05200000)]
=>0x000002aef0038000 JavaThread "C2 CompilerThread1" daemon [_thread_in_native, id=9148, stack(0x000000db05200000,0x000000db05300000)]
  0x000002aeee912000 JavaThread "Cache worker for execution history cache (C:\Users\1\.gradle\caches\5.6.4\executionHistory)" [_thread_blocked, id=6652, stack(0x000000db05300000,0x000000db05400000)]

Other Threads:
  0x000002aed450b800 VMThread "VM Thread" [stack: 0x000000db03400000,0x000000db03500000] [id=8208]
  0x000002aeedd20800 WatcherThread [stack: 0x000000db03e00000,0x000000db03f00000] [id=8292]
  0x000002aed443f000 GCTaskThread "GC Thread#0" [stack: 0x000000db02f00000,0x000000db03000000] [id=9096]
  0x000002aeee286000 GCTaskThread "GC Thread#1" [stack: 0x000000db03f00000,0x000000db04000000] [id=8284]
  0x000002aeef5dd800 GCTaskThread "GC Thread#2" [stack: 0x000000db04200000,0x000000db04300000] [id=868]
  0x000002aeef3e8000 GCTaskThread "GC Thread#3" [stack: 0x000000db04300000,0x000000db04400000] [id=9012]
  0x000002aed4465000 ConcurrentGCThread "G1 Main Marker" [stack: 0x000000db03000000,0x000000db03100000] [id=6964]
  0x000002aed4466800 ConcurrentGCThread "G1 Conc#0" [stack: 0x000000db03100000,0x000000db03200000] [id=4812]
  0x000002aed44b2000 ConcurrentGCThread "G1 Refine#0" [stack: 0x000000db03200000,0x000000db03300000] [id=9472]
  0x000002aed44b3000 ConcurrentGCThread "G1 Young RemSet Sampling" [stack: 0x000000db03300000,0x000000db03400000] [id=5596]

Threads with active compile tasks:
C2 CompilerThread1  12360 2760   !   4       java.net.URL::<init> (543 bytes)

VM state:not at safepoint (normal execution)

VM Mutex/Monitor currently owned by a thread: None

Heap address: 0x00000000a0000000, size: 1536 MB, Compressed Oops mode: 32-bit
Narrow klass base: 0x0000000800000000, Narrow klass shift: 3
Compressed class space size: 1073741824 Address: 0x0000000840000000

Heap:
 garbage-first heap   total 76800K, used 37278K [0x00000000a0000000, 0x0000000100000000)
  region size 1024K, 4 young (4096K), 2 survivors (2048K)
 Metaspace       used 27715K, capacity 28478K, committed 28592K, reserved 1073152K
  class space    used 3837K, capacity 4090K, committed 4096K, reserved 1048576K
Heap Regions: E=young(eden), S=young(survivor), O=old, HS=humongous(starts), HC=humongous(continues), CS=collection set, F=free, A=archive, TAMS=top-at-mark-start (previous, next)
|   0|0x00000000a0000000, 0x00000000a0100000, 0x00000000a0100000|100%| O|  |TAMS 0x00000000a0100000, 0x00000000a0100000| Untracked 
|   1|0x00000000a0100000, 0x00000000a0200000, 0x00000000a0200000|100%| O|  |TAMS 0x00000000a0200000, 0x00000000a0200000| Untracked 
|   2|0x00000000a0200000, 0x00000000a0300000, 0x00000000a0300000|100%| O|  |TAMS 0x00000000a0300000, 0x00000000a0300000| Untracked 
|   3|0x00000000a0300000, 0x00000000a0400000, 0x00000000a0400000|100%|HS|  |TAMS 0x00000000a0400000, 0x00000000a0400000| Complete 
|   4|0x00000000a0400000, 0x00000000a0500000, 0x00000000a0500000|100%|HC|  |TAMS 0x00000000a0500000, 0x00000000a0500000| Complete 
|   5|0x00000000a0500000, 0x00000000a0600000, 0x00000000a0600000|100%|HC|  |TAMS 0x00000000a0600000, 0x00000000a0600000| Complete 
|   6|0x00000000a0600000, 0x00000000a0700000, 0x00000000a0700000|100%| O|  |TAMS 0x00000000a0700000, 0x00000000a0700000| Untracked 
|   7|0x00000000a0700000, 0x00000000a0800000, 0x00000000a0800000|100%| O|  |TAMS 0x00000000a0800000, 0x00000000a0800000| Untracked 
|   8|0x00000000a0800000, 0x00000000a0900000, 0x00000000a0900000|100%| O|  |TAMS 0x00000000a0900000, 0x00000000a0900000| Untracked 
|   9|0x00000000a0900000, 0x00000000a0a00000, 0x00000000a0a00000|100%| O|  |TAMS 0x00000000a0a00000, 0x00000000a0a00000| Untracked 
|  10|0x00000000a0a00000, 0x00000000a0b00000, 0x00000000a0b00000|100%| O|  |TAMS 0x00000000a0b00000, 0x00000000a0b00000| Untracked 
|  11|0x00000000a0b00000, 0x00000000a0c00000, 0x00000000a0c00000|100%| O|  |TAMS 0x00000000a0c00000, 0x00000000a0c00000| Untracked 
|  12|0x00000000a0c00000, 0x00000000a0d00000, 0x00000000a0d00000|100%| O|  |TAMS 0x00000000a0d00000, 0x00000000a0d00000| Untracked 
|  13|0x00000000a0d00000, 0x00000000a0e00000, 0x00000000a0e00000|100%| O|  |TAMS 0x00000000a0e00000, 0x00000000a0e00000| Untracked 
|  14|0x00000000a0e00000, 0x00000000a0f00000, 0x00000000a0f00000|100%|HS|  |TAMS 0x00000000a0f00000, 0x00000000a0f00000| Complete 
|  15|0x00000000a0f00000, 0x00000000a1000000, 0x00000000a1000000|100%|HC|  |TAMS 0x00000000a1000000, 0x00000000a1000000| Complete 
|  16|0x00000000a1000000, 0x00000000a1100000, 0x00000000a1100000|100%|HS|  |TAMS 0x00000000a1100000, 0x00000000a1100000| Complete 
|  17|0x00000000a1100000, 0x00000000a1200000, 0x00000000a1200000|100%|HC|  |TAMS 0x00000000a1200000, 0x00000000a1200000| Complete 
|  18|0x00000000a1200000, 0x00000000a1300000, 0x00000000a1300000|100%|HC|  |TAMS 0x00000000a1300000, 0x00000000a1300000| Complete 
|  19|0x00000000a1300000, 0x00000000a1400000, 0x00000000a1400000|100%|HS|  |TAMS 0x00000000a1400000, 0x00000000a1400000| Complete 
|  20|0x00000000a1400000, 0x00000000a1500000, 0x00000000a1500000|100%|HC|  |TAMS 0x00000000a1500000, 0x00000000a1500000| Complete 
|  21|0x00000000a1500000, 0x00000000a1600000, 0x00000000a1600000|100%|HC|  |TAMS 0x00000000a1600000, 0x00000000a1600000| Complete 
|  22|0x00000000a1600000, 0x00000000a1700000, 0x00000000a1700000|100%|HC|  |TAMS 0x00000000a1700000, 0x00000000a1700000| Complete 
|  23|0x00000000a1700000, 0x00000000a1800000, 0x00000000a1800000|100%|HS|  |TAMS 0x00000000a1800000, 0x00000000a1800000| Complete 
|  24|0x00000000a1800000, 0x00000000a1900000, 0x00000000a1900000|100%|HC|  |TAMS 0x00000000a1900000, 0x00000000a1900000| Complete 
|  25|0x00000000a1900000, 0x00000000a1a00000, 0x00000000a1a00000|100%| O|  |TAMS 0x00000000a1a00000, 0x00000000a1a00000| Untracked 
|  26|0x00000000a1a00000, 0x00000000a1b00000, 0x00000000a1b00000|100%| O|  |TAMS 0x00000000a1b00000, 0x00000000a1b00000| Untracked 
|  27|0x00000000a1b00000, 0x00000000a1c00000, 0x00000000a1c00000|100%| O|  |TAMS 0x00000000a1c00000, 0x00000000a1c00000| Untracked 
|  28|0x00000000a1c00000, 0x00000000a1d00000, 0x00000000a1d00000|100%| O|  |TAMS 0x00000000a1d00000, 0x00000000a1d00000| Untracked 
|  29|0x00000000a1d00000, 0x00000000a1e00000, 0x00000000a1e00000|100%| O|  |TAMS 0x00000000a1e00000, 0x00000000a1e00000| Untracked 
|  30|0x00000000a1e00000, 0x00000000a1f00000, 0x00000000a1f00000|100%| O|  |TAMS 0x00000000a1f00000, 0x00000000a1f00000| Untracked 
|  31|0x00000000a1f00000, 0x00000000a2000000, 0x00000000a2000000|100%| O|  |TAMS 0x00000000a2000000, 0x00000000a2000000| Untracked 
|  32|0x00000000a2000000, 0x00000000a2100000, 0x00000000a2100000|100%| O|  |TAMS 0x00000000a204ba00, 0x00000000a2100000| Untracked 
|  33|0x00000000a2100000, 0x00000000a2100000, 0x00000000a2200000|  0%| F|  |TAMS 0x00000000a2100000, 0x00000000a2100000| Untracked 
|  34|0x00000000a2200000, 0x00000000a2200000, 0x00000000a2300000|  0%| F|  |TAMS 0x00000000a2200000, 0x00000000a2200000| Untracked 
|  35|0x00000000a2300000, 0x00000000a2300000, 0x00000000a2400000|  0%| F|  |TAMS 0x00000000a2300000, 0x00000000a2300000| Untracked 
|  36|0x00000000a2400000, 0x00000000a2500000, 0x00000000a2500000|100%| O|  |TAMS 0x00000000a2400000, 0x00000000a2500000| Untracked 
|  37|0x00000000a2500000, 0x00000000a251fc00, 0x00000000a2600000| 12%| O|  |TAMS 0x00000000a2500000, 0x00000000a251fc00| Untracked 
|  38|0x00000000a2600000, 0x00000000a2600000, 0x00000000a2700000|  0%| F|  |TAMS 0x00000000a2600000, 0x00000000a2600000| Untracked 
|  39|0x00000000a2700000, 0x00000000a2700000, 0x00000000a2800000|  0%| F|  |TAMS 0x00000000a2700000, 0x00000000a2700000| Untracked 
|  40|0x00000000a2800000, 0x00000000a2800000, 0x00000000a2900000|  0%| F|  |TAMS 0x00000000a2800000, 0x00000000a2800000| Untracked 
|  41|0x00000000a2900000, 0x00000000a2900000, 0x00000000a2a00000|  0%| F|  |TAMS 0x00000000a2900000, 0x00000000a2900000| Untracked 
|  42|0x00000000a2a00000, 0x00000000a2a00000, 0x00000000a2b00000|  0%| F|  |TAMS 0x00000000a2a00000, 0x00000000a2a00000| Untracked 
|  43|0x00000000a2b00000, 0x00000000a2b00000, 0x00000000a2c00000|  0%| F|  |TAMS 0x00000000a2b00000, 0x00000000a2b00000| Untracked 
|  44|0x00000000a2c00000, 0x00000000a2c00000, 0x00000000a2d00000|  0%| F|  |TAMS 0x00000000a2c00000, 0x00000000a2c00000| Untracked 
|  45|0x00000000a2d00000, 0x00000000a2d00000, 0x00000000a2e00000|  0%| F|  |TAMS 0x00000000a2d00000, 0x00000000a2d00000| Untracked 
|  46|0x00000000a2e00000, 0x00000000a2e00000, 0x00000000a2f00000|  0%| F|  |TAMS 0x00000000a2e00000, 0x00000000a2e00000| Untracked 
|  47|0x00000000a2f00000, 0x00000000a2f00000, 0x00000000a3000000|  0%| F|  |TAMS 0x00000000a2f00000, 0x00000000a2f00000| Untracked 
|  48|0x00000000a3000000, 0x00000000a3000000, 0x00000000a3100000|  0%| F|  |TAMS 0x00000000a3000000, 0x00000000a3000000| Untracked 
|  49|0x00000000a3100000, 0x00000000a3100000, 0x00000000a3200000|  0%| F|  |TAMS 0x00000000a3100000, 0x00000000a3100000| Untracked 
|  50|0x00000000a3200000, 0x00000000a3200000, 0x00000000a3300000|  0%| F|  |TAMS 0x00000000a3200000, 0x00000000a3200000| Untracked 
|  51|0x00000000a3300000, 0x00000000a3300000, 0x00000000a3400000|  0%| F|  |TAMS 0x00000000a3300000, 0x00000000a3300000| Untracked 
|  52|0x00000000a3400000, 0x00000000a3400000, 0x00000000a3500000|  0%| F|  |TAMS 0x00000000a3400000, 0x00000000a3400000| Untracked 
|  53|0x00000000a3500000, 0x00000000a3500000, 0x00000000a3600000|  0%| F|  |TAMS 0x00000000a3500000, 0x00000000a3500000| Untracked 
|  54|0x00000000a3600000, 0x00000000a3647f40, 0x00000000a3700000| 28%| S|CS|TAMS 0x00000000a3600000, 0x00000000a3600000| Complete 
|  55|0x00000000a3700000, 0x00000000a3800000, 0x00000000a3800000|100%| S|CS|TAMS 0x00000000a3700000, 0x00000000a3700000| Complete 
|  56|0x00000000a3800000, 0x00000000a3800000, 0x00000000a3900000|  0%| F|  |TAMS 0x00000000a3800000, 0x00000000a3800000| Untracked 
|  57|0x00000000a3900000, 0x00000000a3900000, 0x00000000a3a00000|  0%| F|  |TAMS 0x00000000a3900000, 0x00000000a3900000| Untracked 
|  58|0x00000000a3a00000, 0x00000000a3a00000, 0x00000000a3b00000|  0%| F|  |TAMS 0x00000000a3a00000, 0x00000000a3a00000| Untracked 
|  59|0x00000000a3b00000, 0x00000000a3b00000, 0x00000000a3c00000|  0%| F|  |TAMS 0x00000000a3b00000, 0x00000000a3b00000| Untracked 
|  60|0x00000000a3c00000, 0x00000000a3c00000, 0x00000000a3d00000|  0%| F|  |TAMS 0x00000000a3c00000, 0x00000000a3c00000| Untracked 
|  61|0x00000000a3d00000, 0x00000000a3d00000, 0x00000000a3e00000|  0%| F|  |TAMS 0x00000000a3d00000, 0x00000000a3d00000| Untracked 
|  62|0x00000000a3e00000, 0x00000000a3e00000, 0x00000000a3f00000|  0%| F|  |TAMS 0x00000000a3e00000, 0x00000000a3e00000| Untracked 
|  63|0x00000000a3f00000, 0x00000000a3f00000, 0x00000000a4000000|  0%| F|  |TAMS 0x00000000a3f00000, 0x00000000a3f00000| Untracked 
|  64|0x00000000a4000000, 0x00000000a4000000, 0x00000000a4100000|  0%| F|  |TAMS 0x00000000a4000000, 0x00000000a4000000| Untracked 
|  65|0x00000000a4100000, 0x00000000a4100000, 0x00000000a4200000|  0%| F|  |TAMS 0x00000000a4100000, 0x00000000a4100000| Untracked 
|  66|0x00000000a4200000, 0x00000000a4200000, 0x00000000a4300000|  0%| F|  |TAMS 0x00000000a4200000, 0x00000000a4200000| Untracked 
|  67|0x00000000a4300000, 0x00000000a4300000, 0x00000000a4400000|  0%| F|  |TAMS 0x00000000a4300000, 0x00000000a4300000| Untracked 
|  68|0x00000000a4400000, 0x00000000a4400000, 0x00000000a4500000|  0%| F|  |TAMS 0x00000000a4400000, 0x00000000a4400000| Untracked 
|  69|0x00000000a4500000, 0x00000000a4500000, 0x00000000a4600000|  0%| F|  |TAMS 0x00000000a4500000, 0x00000000a4500000| Untracked 
|  70|0x00000000a4600000, 0x00000000a4600000, 0x00000000a4700000|  0%| F|  |TAMS 0x00000000a4600000, 0x00000000a4600000| Untracked 
|  71|0x00000000a4700000, 0x00000000a4700000, 0x00000000a4800000|  0%| F|  |TAMS 0x00000000a4700000, 0x00000000a4700000| Untracked 
|  72|0x00000000a4800000, 0x00000000a4800000, 0x00000000a4900000|  0%| F|  |TAMS 0x00000000a4800000, 0x00000000a4800000| Untracked 
|  73|0x00000000a4900000, 0x00000000a4a00000, 0x00000000a4a00000|100%| E|  |TAMS 0x00000000a4900000, 0x00000000a4900000| Complete 
|  74|0x00000000a4a00000, 0x00000000a4b00000, 0x00000000a4b00000|100%| E|CS|TAMS 0x00000000a4a00000, 0x00000000a4a00000| Complete 

Card table byte_map: [0x000002aee7820000,0x000002aee7b20000] _byte_map_base: 0x000002aee7320000

Marking Bits (Prev, Next): (CMBitMap*) 0x000002aed445e638, (CMBitMap*) 0x000002aed445e670
 Prev Bits: [0x000002aee7e20000, 0x000002aee9620000)
 Next Bits: [0x000002aee9620000, 0x000002aeeae20000)

Polling page: 0x000002aed2260000

Metaspace:

Usage:
  Non-class:     23.82 MB capacity,    23.33 MB ( 98%) used,   446.24 KB (  2%) free+waste,    48.63 KB ( <1%) overhead. 
      Class:      4.03 MB capacity,     3.75 MB ( 93%) used,   256.33 KB (  6%) free+waste,    24.38 KB ( <1%) overhead. 
       Both:     27.84 MB capacity,    27.08 MB ( 97%) used,   702.57 KB (  2%) free+waste,    73.00 KB ( <1%) overhead. 

Virtual space:
  Non-class space:       24.00 MB reserved,      23.92 MB (>99%) committed 
      Class space:        1.00 GB reserved,       4.13 MB ( <1%) committed 
             Both:        1.02 GB reserved,      28.05 MB (  3%) committed 

Chunk freelists:
   Non-Class:  44.00 KB
       Class:  6.00 KB
        Both:  50.00 KB

MaxMetaspaceSize: 17179869184.00 GB
CompressedClassSpaceSize: 1.00 GB

CodeHeap 'non-profiled nmethods': size=120064Kb used=1359Kb max_used=1359Kb free=118704Kb
 bounds [0x000002aedffe0000, 0x000002aee0250000, 0x000002aee7520000]
CodeHeap 'profiled nmethods': size=120000Kb used=5982Kb max_used=5982Kb free=114017Kb
 bounds [0x000002aed8ab0000, 0x000002aed9090000, 0x000002aedffe0000]
CodeHeap 'non-nmethods': size=5696Kb used=2206Kb max_used=2230Kb free=3489Kb
 bounds [0x000002aed8520000, 0x000002aed8790000, 0x000002aed8ab0000]
 total_blobs=4658 nmethods=2716 adapters=671
 compilation: enabled
              stopped_count=0, restarted_count=0
 full_count=0

Compilation events (20 events):
Event: 12.243 Thread 0x000002aeed29b000 nmethod 2905 0x000002aed907c490 code [0x000002aed907c640, 0x000002aed907c838]
Event: 12.243 Thread 0x000002aeed29b000 2906       3       com.google.common.cache.LocalCache::usesValueReferences (16 bytes)
Event: 12.243 Thread 0x000002aeed29b000 nmethod 2906 0x000002aed907c910 code [0x000002aed907cac0, 0x000002aed907ccb8]
Event: 12.253 Thread 0x000002aeed29b000 2907       3       java.lang.reflect.ProxyGenerator::getFieldType (65 bytes)
Event: 12.255 Thread 0x000002aeed29b000 nmethod 2907 0x000002aed907cd90 code [0x000002aed907d0a0, 0x000002aed907df00]
Event: 12.255 Thread 0x000002aeed29b000 2908       3       sun.reflect.generics.factory.CoreReflectionFactory::make (10 bytes)
Event: 12.256 Thread 0x000002aeed29b000 nmethod 2908 0x000002aed907e390 code [0x000002aed907e560, 0x000002aed907e878]
Event: 12.256 Thread 0x000002aeed29b000 2909       3       sun.reflect.generics.factory.CoreReflectionFactory::<init> (15 bytes)
Event: 12.256 Thread 0x000002aeed29b000 nmethod 2909 0x000002aed907e990 code [0x000002aed907eb40, 0x000002aed907edd8]
Event: 12.259 Thread 0x000002aeed29b000 2910       3       java.util.regex.Matcher::appendExpandedReplacement (510 bytes)
Event: 12.275 Thread 0x000002aeed29b000 nmethod 2910 0x000002aed907ee90 code [0x000002aed907f760, 0x000002aed9084920]
Event: 12.275 Thread 0x000002aeed29b000 2911       3       java.lang.ThreadLocal$ThreadLocalMap::set (136 bytes)
Event: 12.278 Thread 0x000002aeed29b000 nmethod 2911 0x000002aed9086590 code [0x000002aed9086800, 0x000002aed9087470]
Event: 12.278 Thread 0x000002aeed29b000 2912       3       java.util.concurrent.locks.AbstractQueuedSynchronizer$ConditionObject::unlinkCancelledWaiters (67 bytes)
Event: 12.278 Thread 0x000002aeed29b000 nmethod 2912 0x000002aed9087890 code [0x000002aed9087a60, 0x000002aed9087ed8]
Event: 12.279 Thread 0x000002aeed29b000 2913       3       java.lang.invoke.StringConcatFactory$MethodHandleInlineCopyStrategy::newArray (16 bytes)
Event: 12.280 Thread 0x000002aeed29b000 nmethod 2913 0x000002aed9088010 code [0x000002aed90881e0, 0x000002aed9088470]
Event: 12.280 Thread 0x000002aeed29b000 2914       3       jdk.internal.misc.Unsafe::allocateUninitializedArray0 (90 bytes)
Event: 12.281 Thread 0x000002aeed29b000 nmethod 2914 0x000002aed9088510 code [0x000002aed9088720, 0x000002aed9089078]
Event: 12.281 Thread 0x000002aeed29b000 2915       3       java.lang.invoke.DirectMethodHandle$Holder::invokeStatic (18 bytes)

GC Heap History (20 events):
Event: 1.603 GC heap before
{Heap before GC invocations=1 (full 0):
 garbage-first heap   total 63488K, used 13968K [0x00000000a0000000, 0x0000000100000000)
  region size 1024K, 8 young (8192K), 2 survivors (2048K)
 Metaspace       used 3171K, capacity 6121K, committed 6400K, reserved 1056768K
  class space    used 412K, capacity 699K, committed 768K, reserved 1048576K
}
Event: 1.609 GC heap after
{Heap after GC invocations=2 (full 0):
 garbage-first heap   total 63488K, used 8367K [0x00000000a0000000, 0x0000000100000000)
  region size 1024K, 1 young (1024K), 1 survivors (1024K)
 Metaspace       used 3171K, capacity 6121K, committed 6400K, reserved 1056768K
  class space    used 412K, capacity 699K, committed 768K, reserved 1048576K
}
Event: 2.248 GC heap before
{Heap before GC invocations=2 (full 0):
 garbage-first heap   total 63488K, used 27823K [0x00000000a0000000, 0x0000000100000000)
  region size 1024K, 20 young (20480K), 1 survivors (1024K)
 Metaspace       used 4047K, capacity 6655K, committed 6784K, reserved 1056768K
  class space    used 511K, capacity 770K, committed 896K, reserved 1048576K
}
Event: 2.253 GC heap after
{Heap after GC invocations=3 (full 0):
 garbage-first heap   total 63488K, used 9025K [0x00000000a0000000, 0x0000000100000000)
  region size 1024K, 2 young (2048K), 2 survivors (2048K)
 Metaspace       used 4047K, capacity 6655K, committed 6784K, reserved 1056768K
  class space    used 511K, capacity 770K, committed 896K, reserved 1048576K
}
Event: 3.378 GC heap before
{Heap before GC invocations=3 (full 0):
 garbage-first heap   total 63488K, used 30529K [0x00000000a0000000, 0x0000000100000000)
  region size 1024K, 24 young (24576K), 2 survivors (2048K)
 Metaspace       used 6111K, capacity 7929K, committed 8064K, reserved 1056768K
  class space    used 847K, capacity 1093K, committed 1152K, reserved 1048576K
}
Event: 3.389 GC heap after
{Heap after GC invocations=4 (full 0):
 garbage-first heap   total 63488K, used 13705K [0x00000000a0000000, 0x0000000100000000)
  region size 1024K, 3 young (3072K), 3 survivors (3072K)
 Metaspace       used 6111K, capacity 7929K, committed 8064K, reserved 1056768K
  class space    used 847K, capacity 1093K, committed 1152K, reserved 1048576K
}
Event: 6.820 GC heap before
{Heap before GC invocations=4 (full 0):
 garbage-first heap   total 63488K, used 36233K [0x00000000a0000000, 0x0000000100000000)
  region size 1024K, 25 young (25600K), 3 survivors (3072K)
 Metaspace       used 10844K, capacity 11308K, committed 11520K, reserved 1058816K
  class space    used 1549K, capacity 1689K, committed 1792K, reserved 1048576K
}
Event: 6.828 GC heap after
{Heap after GC invocations=5 (full 0):
 garbage-first heap   total 63488K, used 15729K [0x00000000a0000000, 0x0000000100000000)
  region size 1024K, 2 young (2048K), 2 survivors (2048K)
 Metaspace       used 10844K, capacity 11308K, committed 11520K, reserved 1058816K
  class space    used 1549K, capacity 1689K, committed 1792K, reserved 1048576K
}
Event: 7.875 GC heap before
{Heap before GC invocations=5 (full 0):
 garbage-first heap   total 63488K, used 37233K [0x00000000a0000000, 0x0000000100000000)
  region size 1024K, 24 young (24576K), 2 survivors (2048K)
 Metaspace       used 13730K, capacity 14275K, committed 14592K, reserved 1060864K
  class space    used 2016K, capacity 2192K, committed 2304K, reserved 1048576K
}
Event: 7.884 GC heap after
{Heap after GC invocations=6 (full 0):
 garbage-first heap   total 63488K, used 16801K [0x00000000a0000000, 0x0000000100000000)
  region size 1024K, 3 young (3072K), 3 survivors (3072K)
 Metaspace       used 13730K, capacity 14275K, committed 14592K, reserved 1060864K
  class space    used 2016K, capacity 2192K, committed 2304K, reserved 1048576K
}
Event: 9.067 GC heap before
{Heap before GC invocations=6 (full 0):
 garbage-first heap   total 63488K, used 51617K [0x00000000a0000000, 0x0000000100000000)
  region size 1024K, 26 young (26624K), 3 survivors (3072K)
 Metaspace       used 16614K, capacity 17168K, committed 17280K, reserved 1064960K
  class space    used 2463K, capacity 2658K, committed 2688K, reserved 1048576K
}
Event: 9.079 GC heap after
{Heap after GC invocations=7 (full 0):
 garbage-first heap   total 63488K, used 31627K [0x00000000a0000000, 0x0000000100000000)
  region size 1024K, 4 young (4096K), 4 survivors (4096K)
 Metaspace       used 16614K, capacity 17168K, committed 17280K, reserved 1064960K
  class space    used 2463K, capacity 2658K, committed 2688K, reserved 1048576K
}
Event: 9.887 GC heap before
{Heap before GC invocations=7 (full 0):
 garbage-first heap   total 63488K, used 46987K [0x00000000a0000000, 0x0000000100000000)
  region size 1024K, 20 young (20480K), 4 survivors (4096K)
 Metaspace       used 18961K, capacity 19586K, committed 19712K, reserved 1067008K
  class space    used 2806K, capacity 3026K, committed 3072K, reserved 1048576K
}
Event: 9.898 GC heap after
{Heap after GC invocations=8 (full 0):
 garbage-first heap   total 76800K, used 33432K [0x00000000a0000000, 0x0000000100000000)
  region size 1024K, 2 young (2048K), 2 survivors (2048K)
 Metaspace       used 18961K, capacity 19586K, committed 19712K, reserved 1067008K
  class space    used 2806K, capacity 3026K, committed 3072K, reserved 1048576K
}
Event: 10.139 GC heap before
{Heap before GC invocations=8 (full 0):
 garbage-first heap   total 76800K, used 36504K [0x00000000a0000000, 0x0000000100000000)
  region size 1024K, 6 young (6144K), 2 survivors (2048K)
 Metaspace       used 20638K, capacity 21188K, committed 21296K, reserved 1067008K
  class space    used 2918K, capacity 3156K, committed 3200K, reserved 1048576K
}
Event: 10.149 GC heap after
{Heap after GC invocations=9 (full 0):
 garbage-first heap   total 76800K, used 33670K [0x00000000a0000000, 0x0000000100000000)
  region size 1024K, 1 young (1024K), 1 survivors (1024K)
 Metaspace       used 20638K, capacity 21188K, committed 21296K, reserved 1067008K
  class space    used 2918K, capacity 3156K, committed 3200K, reserved 1048576K
}
Event: 10.903 GC heap before
{Heap before GC invocations=10 (full 0):
 garbage-first heap   total 76800K, used 43910K [0x00000000a0000000, 0x0000000100000000)
  region size 1024K, 13 young (13312K), 1 survivors (1024K)
 Metaspace       used 22979K, capacity 23677K, committed 23984K, reserved 1069056K
  class space    used 3235K, capacity 3474K, committed 3584K, reserved 1048576K
}
Event: 10.915 GC heap after
{Heap after GC invocations=11 (full 0):
 garbage-first heap   total 76800K, used 35508K [0x00000000a0000000, 0x0000000100000000)
  region size 1024K, 3 young (3072K), 3 survivors (3072K)
 Metaspace       used 22979K, capacity 23677K, committed 23984K, reserved 1069056K
  class space    used 3235K, capacity 3474K, committed 3584K, reserved 1048576K
}
Event: 11.583 GC heap before
{Heap before GC invocations=12 (full 0):
 garbage-first heap   total 76800K, used 55988K [0x00000000a0000000, 0x0000000100000000)
  region size 1024K, 21 young (21504K), 3 survivors (3072K)
 Metaspace       used 25584K, capacity 26249K, committed 26544K, reserved 1073152K
  class space    used 3500K, capacity 3734K, committed 3840K, reserved 1048576K
}
Event: 11.592 GC heap after
{Heap after GC invocations=13 (full 0):
 garbage-first heap   total 76800K, used 35588K [0x00000000a0000000, 0x0000000100000000)
  region size 1024K, 1 young (1024K), 1 survivors (1024K)
 Metaspace       used 25584K, capacity 26249K, committed 26544K, reserved 1073152K
  class space    used 3500K, capacity 3734K, committed 3840K, reserved 1048576K
}

Deoptimization events (20 events):
Event: 11.435 Thread 0x000002aeef40e000 Uncommon trap: trap_request=0xffffff4d fr.pc=0x000002aee0038190 relative=0x00000000000009f0
Event: 11.435 Thread 0x000002aeef40e000 Uncommon trap: reason=unstable_if action=reinterpret pc=0x000002aee0038190 method=java.io.WinNTFileSystem.resolve(Ljava/lang/String;Ljava/lang/String;)Ljava/lang/String; @ 83 c2
Event: 11.435 Thread 0x000002aeef40e000 DEOPT PACKING pc=0x000002aee0038190 sp=0x000000db048f8640
Event: 11.435 Thread 0x000002aeef40e000 DEOPT UNPACKING pc=0x000002aed85486a9 sp=0x000000db048f85f8 mode 2
Event: 12.006 Thread 0x000002aeef40e000 Uncommon trap: trap_request=0xffffff6e fr.pc=0x000002aee012aa04 relative=0x00000000000007c4
Event: 12.007 Thread 0x000002aeef40e000 Uncommon trap: reason=speculate_class_check action=maybe_recompile pc=0x000002aee012aa04 method=java.lang.reflect.Executable.declaredAnnotations()Ljava/util/Map; @ 23 c2
Event: 12.007 Thread 0x000002aeef40e000 DEOPT PACKING pc=0x000002aee012aa04 sp=0x000000db048f85e0
Event: 12.007 Thread 0x000002aeef40e000 DEOPT UNPACKING pc=0x000002aed85486a9 sp=0x000000db048f8520 mode 2
Event: 12.038 Thread 0x000002aeef40e000 Uncommon trap: trap_request=0xffffff6e fr.pc=0x000002aee012aa04 relative=0x00000000000007c4
Event: 12.039 Thread 0x000002aeef40e000 Uncommon trap: reason=speculate_class_check action=maybe_recompile pc=0x000002aee012aa04 method=java.lang.reflect.Executable.declaredAnnotations()Ljava/util/Map; @ 23 c2
Event: 12.039 Thread 0x000002aeef40e000 DEOPT PACKING pc=0x000002aee012aa04 sp=0x000000db048f8570
Event: 12.039 Thread 0x000002aeef40e000 DEOPT UNPACKING pc=0x000002aed85486a9 sp=0x000000db048f84b0 mode 2
Event: 12.040 Thread 0x000002aeef40e000 Uncommon trap: trap_request=0xffffff6e fr.pc=0x000002aee012aa04 relative=0x00000000000007c4
Event: 12.040 Thread 0x000002aeef40e000 Uncommon trap: reason=speculate_class_check action=maybe_recompile pc=0x000002aee012aa04 method=java.lang.reflect.Executable.declaredAnnotations()Ljava/util/Map; @ 23 c2
Event: 12.040 Thread 0x000002aeef40e000 DEOPT PACKING pc=0x000002aee012aa04 sp=0x000000db048f8570
Event: 12.040 Thread 0x000002aeef40e000 DEOPT UNPACKING pc=0x000002aed85486a9 sp=0x000000db048f84b0 mode 2
Event: 12.041 Thread 0x000002aeef40e000 Uncommon trap: trap_request=0xffffff6e fr.pc=0x000002aee012aa04 relative=0x00000000000007c4
Event: 12.042 Thread 0x000002aeef40e000 Uncommon trap: reason=speculate_class_check action=maybe_recompile pc=0x000002aee012aa04 method=java.lang.reflect.Executable.declaredAnnotations()Ljava/util/Map; @ 23 c2
Event: 12.042 Thread 0x000002aeef40e000 DEOPT PACKING pc=0x000002aee012aa04 sp=0x000000db048f8570
Event: 12.042 Thread 0x000002aeef40e000 DEOPT UNPACKING pc=0x000002aed85486a9 sp=0x000000db048f84b0 mode 2

Classes redefined (0 events):
No events

Internal exceptions (20 events):
Event: 10.661 Thread 0x000002aeef40e000 Exception <a 'java/lang/ClassNotFoundException'{0x00000000a410f1a8}: org/gradle/groovy/scripts/BasicScriptCustomizer> (0x00000000a410f1a8) thrown at [c:/BuildAgent/work/1eae4dac1d648407/src/hotspot/share/classfile/systemDictionary.cpp, line 231]
Event: 10.666 Thread 0x000002aeef40e000 Exception <a 'java/lang/ClassNotFoundException'{0x00000000a4129560}: org/gradle/groovy/scripts/DefaultScriptCustomizer> (0x00000000a4129560) thrown at [c:/BuildAgent/work/1eae4dac1d648407/src/hotspot/share/classfile/systemDictionary.cpp, line 231]
Event: 10.673 Thread 0x000002aeef40e000 Exception <a 'java/lang/ClassNotFoundException'{0x00000000a4154ff8}: org/gradle/initialization/InitScriptCustomizer> (0x00000000a4154ff8) thrown at [c:/BuildAgent/work/1eae4dac1d648407/src/hotspot/share/classfile/systemDictionary.cpp, line 231]
Event: 10.677 Thread 0x000002aeef40e000 Exception <a 'java/lang/ClassNotFoundException'{0x00000000a4166368}: sync_studio_tooling63_cbnxk6tmqo4yqmibj7xvlhaf3Customizer> (0x00000000a4166368) thrown at [c:/BuildAgent/work/1eae4dac1d648407/src/hotspot/share/classfile/systemDictionary.cpp, line 231]
Event: 10.729 Thread 0x000002aeef40e000 Exception <a 'java/lang/ClassNotFoundException'{0x00000000a4043920}: org/gradle/internal/extensibility/DefaultExtraPropertiesExtensionBeanInfo> (0x00000000a4043920) thrown at [c:/BuildAgent/work/1eae4dac1d648407/src/hotspot/share/classfile/systemDictionar
Event: 10.730 Thread 0x000002aeef40e000 Exception <a 'java/lang/ClassNotFoundException'{0x00000000a4054220}: org/gradle/internal/extensibility/DefaultExtraPropertiesExtensionCustomizer> (0x00000000a4054220) thrown at [c:/BuildAgent/work/1eae4dac1d648407/src/hotspot/share/classfile/systemDiction
Event: 10.784 Thread 0x000002aeef40e000 Exception <a 'java/lang/ClassNotFoundException'{0x00000000a3f17918}: groovy/lang/Closure$1BeanInfo> (0x00000000a3f17918) thrown at [c:/BuildAgent/work/1eae4dac1d648407/src/hotspot/share/classfile/systemDictionary.cpp, line 231]
Event: 10.786 Thread 0x000002aeef40e000 Exception <a 'java/lang/ClassNotFoundException'{0x00000000a3f2cc90}: groovy/lang/ClosureBeanInfo> (0x00000000a3f2cc90) thrown at [c:/BuildAgent/work/1eae4dac1d648407/src/hotspot/share/classfile/systemDictionary.cpp, line 231]
Event: 10.789 Thread 0x000002aeef40e000 Exception <a 'java/lang/ClassNotFoundException'{0x00000000a3f42130}: groovy/lang/ClosureCustomizer> (0x00000000a3f42130) thrown at [c:/BuildAgent/work/1eae4dac1d648407/src/hotspot/share/classfile/systemDictionary.cpp, line 231]
Event: 10.822 Thread 0x000002aeef40e000 Exception <a 'java/lang/ClassNotFoundException'{0x00000000a3f75a80}: groovy/lang/Closure$1Customizer> (0x00000000a3f75a80) thrown at [c:/BuildAgent/work/1eae4dac1d648407/src/hotspot/share/classfile/systemDictionary.cpp, line 231]
Event: 11.138 Thread 0x000002aeef40e000 Exception <a 'java/lang/ClassNotFoundException'{0x00000000a48f6468}: org/gradle/internal/metaobject/ConfigureDelegateBeanInfo> (0x00000000a48f6468) thrown at [c:/BuildAgent/work/1eae4dac1d648407/src/hotspot/share/classfile/systemDictionary.cpp, line 231]
Event: 11.139 Thread 0x000002aeef40e000 Exception <a 'java/lang/ClassNotFoundException'{0x00000000a4710e18}: org/gradle/internal/metaobject/ConfigureDelegateCustomizer> (0x00000000a4710e18) thrown at [c:/BuildAgent/work/1eae4dac1d648407/src/hotspot/share/classfile/systemDictionary.cpp, line 231
Event: 11.153 Thread 0x000002aeef40e000 Exception <a 'java/lang/ClassNotFoundException'{0x00000000a476ddf0}: org/gradle/api/internal/initialization/DefaultScriptHandlerBeanInfo> (0x00000000a476ddf0) thrown at [c:/BuildAgent/work/1eae4dac1d648407/src/hotspot/share/classfile/systemDictionary.cpp,
Event: 11.154 Thread 0x000002aeef40e000 Exception <a 'java/lang/ClassNotFoundException'{0x00000000a478c1d8}: org/gradle/api/internal/initialization/DefaultScriptHandlerCustomizer> (0x00000000a478c1d8) thrown at [c:/BuildAgent/work/1eae4dac1d648407/src/hotspot/share/classfile/systemDictionary.cp
Event: 11.244 Thread 0x000002aeef40e000 Implicit null exception at 0x000002aee00bb685 to 0x000002aee00bb862
Event: 11.269 Thread 0x000002aeef40e000 Implicit null exception at 0x000002aee007142f to 0x000002aee00714ad
Event: 12.181 Thread 0x000002aeef40e000 Exception <a 'java/lang/ClassNotFoundException'{0x00000000a3a0f620}: org/gradle/api/internal/artifacts/dsl/dependencies/DefaultDependencyHandler_DecoratedBeanInfo> (0x00000000a3a0f620) thrown at [c:/BuildAgent/work/1eae4dac1d648407/src/hotspot/share/class
Event: 12.184 Thread 0x000002aeef40e000 Exception <a 'java/lang/ClassNotFoundException'{0x00000000a3a3e1a8}: org/gradle/api/internal/artifacts/dsl/dependencies/DefaultDependencyHandlerBeanInfo> (0x00000000a3a3e1a8) thrown at [c:/BuildAgent/work/1eae4dac1d648407/src/hotspot/share/classfile/syste
Event: 12.185 Thread 0x000002aeef40e000 Exception <a 'java/lang/ClassNotFoundException'{0x00000000a3a6d178}: org/gradle/api/internal/artifacts/dsl/dependencies/DefaultDependencyHandlerCustomizer> (0x00000000a3a6d178) thrown at [c:/BuildAgent/work/1eae4dac1d648407/src/hotspot/share/classfile/sys
Event: 12.194 Thread 0x000002aeef40e000 Exception <a 'java/lang/ClassNotFoundException'{0x00000000a3abea28}: org/gradle/api/internal/artifacts/dsl/dependencies/DefaultDependencyHandler_DecoratedCustomizer> (0x00000000a3abea28) thrown at [c:/BuildAgent/work/1eae4dac1d648407/src/hotspot/share/cla

Events (20 events):
Event: 12.266 loading class org/gradle/api/internal/artifacts/ivyservice/ResolvedArtifactCollectingVisitor
Event: 12.266 loading class org/gradle/api/internal/artifacts/ivyservice/ResolvedArtifactCollectingVisitor done
Event: 12.268 loading class org/gradle/api/internal/artifacts/configurations/DefaultConfiguration$6
Event: 12.268 loading class org/gradle/api/internal/artifacts/configurations/DefaultConfiguration$6 done
Event: 12.269 loading class org/gradle/api/internal/artifacts/configurations/DefaultConfiguration$7
Event: 12.269 loading class org/gradle/api/internal/artifacts/configurations/DefaultConfiguration$7 done
Event: 12.271 loading class org/gradle/api/internal/artifacts/configurations/ResolveConfigurationResolutionBuildOperationDetails
Event: 12.271 loading class org/gradle/api/internal/artifacts/configurations/ResolveConfigurationResolutionBuildOperationDetails done
Event: 12.272 loading class org/gradle/api/internal/artifacts/configurations/ResolveConfigurationDependenciesBuildOperationType$Details
Event: 12.272 loading class org/gradle/api/internal/artifacts/configurations/ResolveConfigurationDependenciesBuildOperationType$Details done
Event: 12.274 loading class org/gradle/api/internal/artifacts/repositories/ResolutionAwareRepository
Event: 12.274 loading class org/gradle/api/internal/artifacts/repositories/ResolutionAwareRepository done
Event: 12.277 loading class org/gradle/internal/Transformers
Event: 12.277 loading class org/gradle/internal/Transformers done
Event: 12.278 loading class org/gradle/internal/Transformers$CastingTransformer
Event: 12.278 loading class org/gradle/internal/Transformers$CastingTransformer done
Event: 12.279 loading class org/gradle/api/internal/DefaultDomainObjectCollection$IteratorImpl
Event: 12.279 loading class org/gradle/api/internal/DefaultDomainObjectCollection$IteratorImpl done
Event: 12.280 loading class org/gradle/api/internal/artifacts/configurations/ResolveConfigurationResolutionBuildOperationDetails$RepositoryImpl
Event: 12.280 loading class org/gradle/api/internal/artifacts/configurations/ResolveConfigurationResolutionBuildOperationDetails$RepositoryImpl done


Dynamic libraries:
0x00007ff755b40000 - 0x00007ff755b4a000 	C:\Program Files\JetBrains\IntelliJ IDEA Community Edition 2020.1\jbr\bin\java.exe
0x00007ff8492b0000 - 0x00007ff8494a4000 	C:\WINDOWS\SYSTEM32\ntdll.dll
0x00007ff848000000 - 0x00007ff8480bd000 	C:\WINDOWS\System32\KERNEL32.DLL
0x00007ff846bc0000 - 0x00007ff846e87000 	C:\WINDOWS\System32\KERNELBASE.dll
0x00007ff846f70000 - 0x00007ff847070000 	C:\WINDOWS\System32\ucrtbase.dll
0x00007ff83deb0000 - 0x00007ff83dec7000 	C:\Program Files\JetBrains\IntelliJ IDEA Community Edition 2020.1\jbr\bin\VCRUNTIME140.dll
0x00007ff83de30000 - 0x00007ff83de49000 	C:\Program Files\JetBrains\IntelliJ IDEA Community Edition 2020.1\jbr\bin\jli.dll
0x00007ff847df0000 - 0x00007ff847f90000 	C:\WINDOWS\System32\USER32.dll
0x00007ff846f40000 - 0x00007ff846f62000 	C:\WINDOWS\System32\win32u.dll
0x00007ff833210000 - 0x00007ff8334aa000 	C:\WINDOWS\WinSxS\amd64_microsoft.windows.common-controls_6595b64144ccf1df_6.0.19041.1_none_b555e41d4684ddec\COMCTL32.dll
0x00007ff847420000 - 0x00007ff84744a000 	C:\WINDOWS\System32\GDI32.dll
0x00007ff8480c0000 - 0x00007ff84815e000 	C:\WINDOWS\System32\msvcrt.dll
0x00007ff847070000 - 0x00007ff84717a000 	C:\WINDOWS\System32\gdi32full.dll
0x00007ff846a70000 - 0x00007ff846b0d000 	C:\WINDOWS\System32\msvcp_win.dll
0x00007ff8478f0000 - 0x00007ff847920000 	C:\WINDOWS\System32\IMM32.DLL
0x00007ff8317f0000 - 0x00007ff83188d000 	C:\Program Files\JetBrains\IntelliJ IDEA Community Edition 2020.1\jbr\bin\msvcp140.dll
0x00007ff819220000 - 0x00007ff819cdd000 	C:\Program Files\JetBrains\IntelliJ IDEA Community Edition 2020.1\jbr\bin\server\jvm.dll
0x00007ff847310000 - 0x00007ff8473ba000 	C:\WINDOWS\System32\ADVAPI32.dll
0x00007ff8479b0000 - 0x00007ff847a4b000 	C:\WINDOWS\System32\sechost.dll
0x00007ff8477b0000 - 0x00007ff8478d3000 	C:\WINDOWS\System32\RPCRT4.dll
0x00007ff8478e0000 - 0x00007ff8478e8000 	C:\WINDOWS\System32\PSAPI.DLL
0x00007ff842490000 - 0x00007ff842499000 	C:\WINDOWS\SYSTEM32\WSOCK32.dll
0x00007ff847f90000 - 0x00007ff847ffb000 	C:\WINDOWS\System32\WS2_32.dll
0x00007ff835f50000 - 0x00007ff835f77000 	C:\WINDOWS\SYSTEM32\WINMM.dll
0x00007ff835c40000 - 0x00007ff835c4a000 	C:\WINDOWS\SYSTEM32\VERSION.dll
0x00007ff844870000 - 0x00007ff844883000 	C:\WINDOWS\SYSTEM32\kernel.appcore.dll
0x00007ff83e700000 - 0x00007ff83e711000 	C:\Program Files\JetBrains\IntelliJ IDEA Community Edition 2020.1\jbr\bin\verify.dll
0x00007ff8351e0000 - 0x00007ff8353c4000 	C:\WINDOWS\SYSTEM32\DBGHELP.DLL
0x00007ff834790000 - 0x00007ff8347bc000 	C:\WINDOWS\SYSTEM32\dbgcore.DLL
0x00007ff8469f0000 - 0x00007ff846a6f000 	C:\WINDOWS\System32\bcryptPrimitives.dll
0x00007ff83e6d0000 - 0x00007ff83e6f9000 	C:\Program Files\JetBrains\IntelliJ IDEA Community Edition 2020.1\jbr\bin\java.dll
0x00007ff83e6b0000 - 0x00007ff83e6c8000 	C:\Program Files\JetBrains\IntelliJ IDEA Community Edition 2020.1\jbr\bin\zip.dll
0x00007ff840210000 - 0x00007ff84021b000 	C:\Program Files\JetBrains\IntelliJ IDEA Community Edition 2020.1\jbr\bin\jimage.dll
0x00007ff8486c0000 - 0x00007ff848df1000 	C:\WINDOWS\System32\SHELL32.dll
0x00007ff844b80000 - 0x00007ff84530a000 	C:\WINDOWS\SYSTEM32\windows.storage.dll
0x00007ff848360000 - 0x00007ff8486b4000 	C:\WINDOWS\System32\combase.dll
0x00007ff846390000 - 0x00007ff8463bb000 	C:\WINDOWS\SYSTEM32\Wldp.dll
0x00007ff847d40000 - 0x00007ff847dee000 	C:\WINDOWS\System32\SHCORE.dll
0x00007ff847530000 - 0x00007ff847585000 	C:\WINDOWS\System32\shlwapi.dll
0x00007ff846930000 - 0x00007ff84694f000 	C:\WINDOWS\SYSTEM32\profapi.dll
0x00007ff83e690000 - 0x00007ff83e6aa000 	C:\Program Files\JetBrains\IntelliJ IDEA Community Edition 2020.1\jbr\bin\net.dll
0x00007ff83f5b0000 - 0x00007ff83f6b2000 	C:\WINDOWS\SYSTEM32\WINHTTP.dll
0x00007ff846120000 - 0x00007ff84618a000 	C:\WINDOWS\system32\mswsock.dll
0x00007ff83e0d0000 - 0x00007ff83e0e4000 	C:\Program Files\JetBrains\IntelliJ IDEA Community Edition 2020.1\jbr\bin\nio.dll
0x00007ff837ac0000 - 0x00007ff837ae6000 	C:\Users\1\.gradle\native\30\windows-amd64\native-platform.dll
0x00007ff840080000 - 0x00007ff84008a000 	C:\Program Files\JetBrains\IntelliJ IDEA Community Edition 2020.1\jbr\bin\management.dll
0x00007ff83ff60000 - 0x00007ff83ff6c000 	C:\Program Files\JetBrains\IntelliJ IDEA Community Edition 2020.1\jbr\bin\management_ext.dll
0x00007ff8462f0000 - 0x00007ff846308000 	C:\WINDOWS\SYSTEM32\CRYPTSP.dll
0x00007ff845ab0000 - 0x00007ff845ae4000 	C:\WINDOWS\system32\rsaenh.dll
0x00007ff847180000 - 0x00007ff8471a7000 	C:\WINDOWS\System32\bcrypt.dll
0x00007ff8468b0000 - 0x00007ff8468de000 	C:\WINDOWS\SYSTEM32\USERENV.dll
0x00007ff846830000 - 0x00007ff84683c000 	C:\WINDOWS\SYSTEM32\CRYPTBASE.dll
0x00007ff845e10000 - 0x00007ff845e4b000 	C:\WINDOWS\SYSTEM32\IPHLPAPI.DLL
0x00007ff8477a0000 - 0x00007ff8477a9000 	C:\WINDOWS\System32\NSI.dll
0x00007ff83d4f0000 - 0x00007ff83d507000 	C:\WINDOWS\SYSTEM32\dhcpcsvc6.DLL
0x00007ff83fa70000 - 0x00007ff83fa8d000 	C:\WINDOWS\SYSTEM32\dhcpcsvc.DLL
0x00007ff845e50000 - 0x00007ff845f1a000 	C:\WINDOWS\SYSTEM32\DNSAPI.dll

dbghelp: loaded successfully - version: 4.0.5 - missing functions: none
symbol engine: initialized successfully - sym options: 0x614 - pdb path: .;C:\Program Files\JetBrains\IntelliJ IDEA Community Edition 2020.1\jbr\bin;C:\WINDOWS\SYSTEM32;C:\WINDOWS\WinSxS\amd64_microsoft.windows.common-controls_6595b64144ccf1df_6.0.19041.1_none_b555e41d4684ddec;C:\Program Files\JetBrains\IntelliJ IDEA Community Edition 2020.1\jbr\bin\server;C:\Users\1\.gradle\native\30\windows-amd64

VM Arguments:
jvm_args: --add-opens=java.base/java.util=ALL-UNNAMED --add-opens=java.base/java.lang=ALL-UNNAMED --add-opens=java.base/java.lang.invoke=ALL-UNNAMED --add-opens=java.prefs/java.util.prefs=ALL-UNNAMED -Xmx1536m -Dfile.encoding=windows-1251 -Duser.country=RU -Duser.language=ru -Duser.variant 
java_command: org.gradle.launcher.daemon.bootstrap.GradleDaemon 5.6.4
java_class_path (initial): C:\Users\1\.gradle\wrapper\dists\gradle-5.6.4-all\ankdp27end7byghfw1q2sw75f\gradle-5.6.4\lib\gradle-launcher-5.6.4.jar
Launcher Type: SUN_STANDARD

[Global flags]
     intx CICompilerCount                          = 3                                         {product} {ergonomic}
     uint ConcGCThreads                            = 1                                         {product} {ergonomic}
     uint G1ConcRefinementThreads                  = 4                                         {product} {ergonomic}
   size_t G1HeapRegionSize                         = 1048576                                   {product} {ergonomic}
    uintx GCDrainStackTargetSize                   = 64                                        {product} {ergonomic}
   size_t InitialHeapSize                          = 65011712                                  {product} {ergonomic}
   size_t MarkStackSize                            = 4194304                                   {product} {ergonomic}
   size_t MaxHeapSize                              = 1610612736                                {product} {command line}
   size_t MaxNewSize                               = 965738496                                 {product} {ergonomic}
   size_t MinHeapDeltaBytes                        = 1048576                                   {product} {ergonomic}
    uintx NonNMethodCodeHeapSize                   = 5830732                                {pd product} {ergonomic}
    uintx NonProfiledCodeHeapSize                  = 122913754                              {pd product} {ergonomic}
    uintx ProfiledCodeHeapSize                     = 122913754                              {pd product} {ergonomic}
    uintx ReservedCodeCacheSize                    = 251658240                              {pd product} {ergonomic}
     bool SegmentedCodeCache                       = true                                      {product} {ergonomic}
     bool UseCompressedClassPointers               = true                                 {lp64_product} {ergonomic}
     bool UseCompressedOops                        = true                                 {lp64_product} {ergonomic}
     bool UseG1GC                                  = true                                      {product} {ergonomic}
     bool UseLargePagesIndividualAllocation        = false                                  {pd product} {ergonomic}

Logging:
Log output configuration:
 #0: stdout all=warning uptime,level,tags
 #1: stderr all=off uptime,level,tags

Environment Variables:
PATH=C:\Program Files (x86)\Common Files\Oracle\Java\javapath;C:\ProgramData\Oracle\Java\javapath;C:\Program Files (x86)\Common Files\Intel\Shared Libraries\redist\intel64\compiler;C:\WINDOWS\system32;C:\WINDOWS;C:\WINDOWS\System32\Wbem;C:\WINDOWS\System32\WindowsPowerShell\v1.0\;C:\WINDOWS\System32\OpenSSH\;C:\Program Files\Git\cmd;C:\Users\1\AppData\Local\Microsoft\WindowsApps;;C:\Users\1\AppData\Local\Programs\Microsoft VS Code\bin
USERNAME=1
OS=Windows_NT
PROCESSOR_IDENTIFIER=Intel64 Family 6 Model 92 Stepping 9, GenuineIntel



---------------  S Y S T E M  ---------------

OS: Windows 10 , 64 bit Build 19041 (10.0.19041.207)

CPU:total 4 (initial active 4) (4 cores per cpu, 1 threads per core) family 6 model 92 stepping 9, cmov, cx8, fxsr, mmx, sse, sse2, sse3, ssse3, sse4.1, sse4.2, popcnt, aes, clmul, erms, 3dnowpref, tsc, tscinvbit, sha

Memory: 4k page, system-wide physical 3920M (1104M free)
TotalPageFile size 6944M (AvailPageFile size 5M)
current process WorkingSet (physical memory assigned to process): 210M, peak: 211M
current process commit charge ("private bytes"): 238M, peak: 239M

vm_info: OpenJDK 64-Bit Server VM (11.0.6+8-b765.25) for windows-amd64 JRE (11.0.6+8-b765.25), built on Mar 30 2020 12:57:22 by "" with MS VC++ 14.0 (VS2015)

END.
