#
# There is insufficient memory for the Java Runtime Environment to continue.
# Native memory allocation (mmap) failed to map 13631488 bytes for Failed to commit area from 0x00000000a3e00000 to 0x00000000a4b00000 of length 13631488.
# Possible reasons:
#   The system is out of physical RAM or swap space
#   The process is running with CompressedOops enabled, and the Java Heap may be blocking the growth of the native heap
# Possible solutions:
#   Reduce memory load on the system
#   Increase physical memory or swap space
#   Check if swap backing store is full
#   Decrease Java heap size (-Xmx/-Xms)
#   Decrease number of Java threads
#   Decrease Java thread stack sizes (-Xss)
#   Set larger code cache with -XX:ReservedCodeCacheSize=
#   JVM is running with Unscaled Compressed Oops mode in which the Java heap is
#     placed in the first 4GB address space. The Java Heap base address is the
#     maximum limit for the native heap growth. Please use -XX:HeapBaseMinAddress
#     to set the Java Heap base and to place the Java Heap above 4GB virtual address.
# This output file may be truncated or incomplete.
#
#  Out of Memory Error (c:/BuildAgent/work/1eae4dac1d648407/src/hotspot/os/windows/os_windows.cpp:3296), pid=6896, tid=8392
#
# JRE version: OpenJDK Runtime Environment (11.0.6+8) (build 11.0.6+8-b765.25)
# Java VM: OpenJDK 64-Bit Server VM (11.0.6+8-b765.25, mixed mode, sharing, tiered, compressed oops, g1 gc, windows-amd64)
# No core dump will be written. Minidumps are not enabled by default on client versions of Windows
#

---------------  S U M M A R Y ------------

Command Line: --add-opens=java.base/java.util=ALL-UNNAMED --add-opens=java.base/java.lang=ALL-UNNAMED --add-opens=java.base/java.lang.invoke=ALL-UNNAMED --add-opens=java.prefs/java.util.prefs=ALL-UNNAMED -Xmx1536m -Dfile.encoding=windows-1251 -Duser.country=RU -Duser.language=ru -Duser.variant org.gradle.launcher.daemon.bootstrap.GradleDaemon 5.6.4

Host: Intel(R) Pentium(R) CPU N4200 @ 1.10GHz, 4 cores, 3G,  Windows 10 , 64 bit Build 19041 (10.0.19041.207)
Time: Sat Apr 18 19:10:19 2020 Центральноевропейский (лето) elapsed time: 10 seconds (0d 0h 0m 10s)

---------------  T H R E A D  ---------------

Current thread (0x000001a5e3abd800):  VMThread "VM Thread" [stack: 0x00000039f7d00000,0x00000039f7e00000] [id=8392]

Stack: [0x00000039f7d00000,0x00000039f7e00000]
[error occurred during error reporting (printing stack bounds), id 0xc0000005, EXCEPTION_ACCESS_VIOLATION (0xc0000005) at pc=0x000001a5e7ad0dbd]

Native frames: (J=compiled Java code, j=interpreted, Vv=VM code, C=native code)
V  [jvm.dll+0x5de3ca]
V  [jvm.dll+0x710ae5]
V  [jvm.dll+0x712005]
V  [jvm.dll+0x712615]
V  [jvm.dll+0x7125cb]
V  [jvm.dll+0x5dd818]
V  [jvm.dll+0x5ddfb8]
C  [ntdll.dll+0xa00ef]
C  [ntdll.dll+0x4b474]
C  [ntdll.dll+0x9ec1e]
C  0x000001a5e7ad0dbd

VM_Operation (0x00000039f91f5a10): CollectForMetadataAllocation, mode: safepoint, requested by thread 0x000001a5fea1c800


---------------  P R O C E S S  ---------------

Threads class SMR info:
_java_thread_list=0x000001a5ff29adb0, length=25, elements={
0x000001a5e39dd000, 0x000001a5fc82a000, 0x000001a5fc82b000, 0x000001a5fc847800,
0x000001a5fc84a800, 0x000001a5fc84b800, 0x000001a5fc84f800, 0x000001a5fc853000,
0x000001a5fd2a2800, 0x000001a5fd2a9000, 0x000001a5ff2e4000, 0x000001a5fd454800,
0x000001a5fd781800, 0x000001a5fdde1000, 0x000001a5ff090800, 0x000001a5fdc27000,
0x000001a5fea1c800, 0x000001a5febb9000, 0x000001a5fd782800, 0x000001a5febec800,
0x000001a5ff5c1000, 0x000001a5ff5c4800, 0x000001a5ff5c3000, 0x000001a5fed7e000,
0x000001a5ff5c5800
}

Java Threads: ( => current thread )
  0x000001a5e39dd000 JavaThread "main" [_thread_blocked, id=2384, stack(0x00000039f7700000,0x00000039f7800000)]
  0x000001a5fc82a000 JavaThread "Reference Handler" daemon [_thread_blocked, id=7220, stack(0x00000039f7e00000,0x00000039f7f00000)]
  0x000001a5fc82b000 JavaThread "Finalizer" daemon [_thread_blocked, id=4308, stack(0x00000039f7f00000,0x00000039f8000000)]
  0x000001a5fc847800 JavaThread "Signal Dispatcher" daemon [_thread_blocked, id=8804, stack(0x00000039f8000000,0x00000039f8100000)]
  0x000001a5fc84a800 JavaThread "Attach Listener" daemon [_thread_blocked, id=8576, stack(0x00000039f8100000,0x00000039f8200000)]
  0x000001a5fc84b800 JavaThread "C2 CompilerThread0" daemon [_thread_in_native, id=4388, stack(0x00000039f8200000,0x00000039f8300000)]
  0x000001a5fc84f800 JavaThread "C1 CompilerThread0" daemon [_thread_blocked, id=2496, stack(0x00000039f8300000,0x00000039f8400000)]
  0x000001a5fc853000 JavaThread "Sweeper thread" daemon [_thread_blocked, id=5176, stack(0x00000039f8400000,0x00000039f8500000)]
  0x000001a5fd2a2800 JavaThread "Common-Cleaner" daemon [_thread_blocked, id=5220, stack(0x00000039f8500000,0x00000039f8600000)]
  0x000001a5fd2a9000 JavaThread "Service Thread" daemon [_thread_blocked, id=8384, stack(0x00000039f8600000,0x00000039f8700000)]
  0x000001a5ff2e4000 JavaThread "Daemon health stats" [_thread_blocked, id=1664, stack(0x00000039f8a00000,0x00000039f8b00000)]
  0x000001a5fd454800 JavaThread "Incoming local TCP Connector on port 59458" [_thread_in_native, id=8992, stack(0x00000039f8800000,0x00000039f8900000)]
  0x000001a5fd781800 JavaThread "Daemon periodic checks" [_thread_blocked, id=8176, stack(0x00000039f8d00000,0x00000039f8e00000)]
  0x000001a5fdde1000 JavaThread "Daemon" [_thread_blocked, id=6724, stack(0x00000039f8e00000,0x00000039f8f00000)]
  0x000001a5ff090800 JavaThread "Handler for socket connection from /127.0.0.1:59458 to /127.0.0.1:59459" [_thread_in_native, id=8172, stack(0x00000039f8f00000,0x00000039f9000000)]
  0x000001a5fdc27000 JavaThread "Cancel handler" [_thread_blocked, id=1556, stack(0x00000039f9000000,0x00000039f9100000)]
  0x000001a5fea1c800 JavaThread "Daemon worker" [_thread_blocked, id=3056, stack(0x00000039f9100000,0x00000039f9200000)]
  0x000001a5febb9000 JavaThread "Asynchronous log dispatcher for DefaultDaemonConnection: socket connection from /127.0.0.1:59458 to /127.0.0.1:59459" [_thread_blocked, id=9480, stack(0x00000039f9200000,0x00000039f9300000)]
  0x000001a5fd782800 JavaThread "Stdin handler" [_thread_blocked, id=2948, stack(0x00000039f9300000,0x00000039f9400000)]
  0x000001a5febec800 JavaThread "Thread-8" [_thread_blocked, id=6512, stack(0x00000039f9400000,0x00000039f9500000)]
  0x000001a5ff5c1000 JavaThread "Cache worker for file hash cache (C:\Users\1\.gradle\caches\5.6.4\fileHashes)" [_thread_blocked, id=9184, stack(0x00000039f9500000,0x00000039f9600000)]
  0x000001a5ff5c4800 JavaThread "File lock request listener" [_thread_in_native, id=2444, stack(0x00000039f9600000,0x00000039f9700000)]
  0x000001a5ff5c3000 JavaThread "Cache worker for journal cache (C:\Users\1\.gradle\caches\journal-1)" [_thread_blocked, id=9160, stack(0x00000039f9700000,0x00000039f9800000)]
  0x000001a5fed7e000 JavaThread "C2 CompilerThread1" daemon [_thread_blocked, id=8056, stack(0x00000039f9800000,0x00000039f9900000)]
  0x000001a5ff5c5800 JavaThread "Cache worker for file hash cache (C:\Users\1\IntelliJIDEAProjects\ModEngineBook\.gradle\5.6.4\fileHashes)" [_thread_blocked, id=7964, stack(0x00000039f9900000,0x00000039f9a00000)]

Other Threads:
=>0x000001a5e3abd800 VMThread "VM Thread" [stack: 0x00000039f7d00000,0x00000039f7e00000] [id=8392]
  0x000001a5fd2d1800 WatcherThread [stack: 0x00000039f8700000,0x00000039f8800000] [id=7408]
  0x000001a5e39f6800 GCTaskThread "GC Thread#0" [stack: 0x00000039f7800000,0x00000039f7900000] [id=7584]
  0x000001a5fd667000 GCTaskThread "GC Thread#1" [stack: 0x00000039f8900000,0x00000039f8a00000] [id=1344]
  0x000001a5fee51000 GCTaskThread "GC Thread#2" [stack: 0x00000039f8b00000,0x00000039f8c00000] [id=9436]
  0x000001a5ff184000 GCTaskThread "GC Thread#3" [stack: 0x00000039f8c00000,0x00000039f8d00000] [id=5276]
  0x000001a5e3a1c000 ConcurrentGCThread "G1 Main Marker" [stack: 0x00000039f7900000,0x00000039f7a00000] [id=5416]
  0x000001a5e3a1d800 ConcurrentGCThread "G1 Conc#0" [stack: 0x00000039f7a00000,0x00000039f7b00000] [id=5052]
  0x000001a5e3a67800 ConcurrentGCThread "G1 Refine#0" [stack: 0x00000039f7b00000,0x00000039f7c00000] [id=4536]
  0x000001a5e3a68800 ConcurrentGCThread "G1 Young RemSet Sampling" [stack: 0x00000039f7c00000,0x00000039f7d00000] [id=3596]

Threads with active compile tasks:
C2 CompilerThread0  10027 2255   !   4       java.net.URLClassLoader$1::run (63 bytes)
C2 CompilerThread1  10027 2352       4       java.net.URLClassLoader$1::run (5 bytes)

VM state:at safepoint (normal execution)

VM Mutex/Monitor currently owned by a thread:  ([mutex/lock_event])
[0x000001a5e39da570] Threads_lock - owner thread: 0x000001a5e3abd800
[0x000001a5e39d9c70] Heap_lock - owner thread: 0x000001a5fea1c800

Heap address: 0x00000000a0000000, size: 1536 MB, Compressed Oops mode: 32-bit
Narrow klass base: 0x0000000800000000, Narrow klass shift: 3
Compressed class space size: 1073741824 Address: 0x0000000840000000

Heap:
 garbage-first heap   total 76800K, used 33555K [0x00000000a0000000, 0x0000000100000000)
  region size 1024K, 1 young (1024K), 1 survivors (1024K)
 Metaspace       used 20632K, capacity 21152K, committed 21296K, reserved 1067008K
  class space    used 2910K, capacity 3124K, committed 3200K, reserved 1048576K
Heap Regions: E=young(eden), S=young(survivor), O=old, HS=humongous(starts), HC=humongous(continues), CS=collection set, F=free, A=archive, TAMS=top-at-mark-start (previous, next)
|   0|0x00000000a0000000, 0x00000000a0100000, 0x00000000a0100000|100%| O|  |TAMS 0x00000000a0000000, 0x00000000a0100000| Untracked 
|   1|0x00000000a0100000, 0x00000000a0200000, 0x00000000a0200000|100%| O|  |TAMS 0x00000000a0100000, 0x00000000a0200000| Untracked 
|   2|0x00000000a0200000, 0x00000000a0300000, 0x00000000a0300000|100%| O|  |TAMS 0x00000000a0200000, 0x00000000a0300000| Untracked 
|   3|0x00000000a0300000, 0x00000000a0400000, 0x00000000a0400000|100%|HS|  |TAMS 0x00000000a0300000, 0x00000000a0400000| Complete 
|   4|0x00000000a0400000, 0x00000000a0500000, 0x00000000a0500000|100%|HC|  |TAMS 0x00000000a0400000, 0x00000000a0500000| Complete 
|   5|0x00000000a0500000, 0x00000000a0600000, 0x00000000a0600000|100%|HC|  |TAMS 0x00000000a0500000, 0x00000000a0600000| Complete 
|   6|0x00000000a0600000, 0x00000000a0700000, 0x00000000a0700000|100%| O|  |TAMS 0x00000000a0600000, 0x00000000a0700000| Untracked 
|   7|0x00000000a0700000, 0x00000000a0800000, 0x00000000a0800000|100%| O|  |TAMS 0x00000000a0700000, 0x00000000a0800000| Untracked 
|   8|0x00000000a0800000, 0x00000000a0900000, 0x00000000a0900000|100%| O|  |TAMS 0x00000000a0800000, 0x00000000a0900000| Untracked 
|   9|0x00000000a0900000, 0x00000000a0a00000, 0x00000000a0a00000|100%| O|  |TAMS 0x00000000a0900000, 0x00000000a0a00000| Untracked 
|  10|0x00000000a0a00000, 0x00000000a0b00000, 0x00000000a0b00000|100%| O|  |TAMS 0x00000000a0a00000, 0x00000000a0b00000| Untracked 
|  11|0x00000000a0b00000, 0x00000000a0c00000, 0x00000000a0c00000|100%| O|  |TAMS 0x00000000a0b00000, 0x00000000a0c00000| Untracked 
|  12|0x00000000a0c00000, 0x00000000a0d00000, 0x00000000a0d00000|100%| O|  |TAMS 0x00000000a0c00000, 0x00000000a0d00000| Untracked 
|  13|0x00000000a0d00000, 0x00000000a0e00000, 0x00000000a0e00000|100%| O|  |TAMS 0x00000000a0d00000, 0x00000000a0e00000| Untracked 
|  14|0x00000000a0e00000, 0x00000000a0f00000, 0x00000000a0f00000|100%|HS|  |TAMS 0x00000000a0e00000, 0x00000000a0f00000| Complete 
|  15|0x00000000a0f00000, 0x00000000a1000000, 0x00000000a1000000|100%|HC|  |TAMS 0x00000000a0f00000, 0x00000000a1000000| Complete 
|  16|0x00000000a1000000, 0x00000000a1100000, 0x00000000a1100000|100%|HS|  |TAMS 0x00000000a1000000, 0x00000000a1100000| Complete 
|  17|0x00000000a1100000, 0x00000000a1200000, 0x00000000a1200000|100%|HC|  |TAMS 0x00000000a1100000, 0x00000000a1200000| Complete 
|  18|0x00000000a1200000, 0x00000000a1300000, 0x00000000a1300000|100%|HC|  |TAMS 0x00000000a1200000, 0x00000000a1300000| Complete 
|  19|0x00000000a1300000, 0x00000000a1400000, 0x00000000a1400000|100%|HS|  |TAMS 0x00000000a1300000, 0x00000000a1400000| Complete 
|  20|0x00000000a1400000, 0x00000000a1500000, 0x00000000a1500000|100%|HC|  |TAMS 0x00000000a1400000, 0x00000000a1500000| Complete 
|  21|0x00000000a1500000, 0x00000000a1600000, 0x00000000a1600000|100%| O|  |TAMS 0x00000000a1500000, 0x00000000a1600000| Untracked 
|  22|0x00000000a1600000, 0x00000000a1700000, 0x00000000a1700000|100%|HS|  |TAMS 0x00000000a1600000, 0x00000000a1700000| Complete 
|  23|0x00000000a1700000, 0x00000000a1800000, 0x00000000a1800000|100%|HC|  |TAMS 0x00000000a1700000, 0x00000000a1800000| Complete 
|  24|0x00000000a1800000, 0x00000000a1900000, 0x00000000a1900000|100%|HC|  |TAMS 0x00000000a1800000, 0x00000000a1900000| Complete 
|  25|0x00000000a1900000, 0x00000000a1a00000, 0x00000000a1a00000|100%|HC|  |TAMS 0x00000000a1900000, 0x00000000a1a00000| Complete 
|  26|0x00000000a1a00000, 0x00000000a1b00000, 0x00000000a1b00000|100%| O|  |TAMS 0x00000000a1a00000, 0x00000000a1b00000| Untracked 
|  27|0x00000000a1b00000, 0x00000000a1c00000, 0x00000000a1c00000|100%| O|  |TAMS 0x00000000a1b00000, 0x00000000a1c00000| Untracked 
|  28|0x00000000a1c00000, 0x00000000a1d00000, 0x00000000a1d00000|100%| O|  |TAMS 0x00000000a1c00000, 0x00000000a1d00000| Untracked 
|  29|0x00000000a1d00000, 0x00000000a1e00000, 0x00000000a1e00000|100%| O|  |TAMS 0x00000000a1d00000, 0x00000000a1e00000| Untracked 
|  30|0x00000000a1e00000, 0x00000000a1f00000, 0x00000000a1f00000|100%| O|  |TAMS 0x00000000a1e00000, 0x00000000a1f00000| Untracked 
|  31|0x00000000a1f00000, 0x00000000a2000000, 0x00000000a2000000|100%| O|  |TAMS 0x00000000a1f00000, 0x00000000a2000000| Untracked 
|  32|0x00000000a2000000, 0x00000000a201b000, 0x00000000a2100000| 10%| O|  |TAMS 0x00000000a2000000, 0x00000000a201b000| Untracked 
|  33|0x00000000a2100000, 0x00000000a2100000, 0x00000000a2200000|  0%| F|  |TAMS 0x00000000a2100000, 0x00000000a2100000| Untracked 
|  34|0x00000000a2200000, 0x00000000a2200000, 0x00000000a2300000|  0%| F|  |TAMS 0x00000000a2200000, 0x00000000a2200000| Untracked 
|  35|0x00000000a2300000, 0x00000000a2300000, 0x00000000a2400000|  0%| F|  |TAMS 0x00000000a2300000, 0x00000000a2300000| Untracked 
|  36|0x00000000a2400000, 0x00000000a2400000, 0x00000000a2500000|  0%| F|  |TAMS 0x00000000a2400000, 0x00000000a2400000| Untracked 
|  37|0x00000000a2500000, 0x00000000a2500000, 0x00000000a2600000|  0%| F|  |TAMS 0x00000000a2500000, 0x00000000a2500000| Untracked 
|  38|0x00000000a2600000, 0x00000000a2600000, 0x00000000a2700000|  0%| F|  |TAMS 0x00000000a2600000, 0x00000000a2600000| Untracked 
|  39|0x00000000a2700000, 0x00000000a2700000, 0x00000000a2800000|  0%| F|  |TAMS 0x00000000a2700000, 0x00000000a2700000| Untracked 
|  40|0x00000000a2800000, 0x00000000a2800000, 0x00000000a2900000|  0%| F|  |TAMS 0x00000000a2800000, 0x00000000a2800000| Untracked 
|  41|0x00000000a2900000, 0x00000000a2900000, 0x00000000a2a00000|  0%| F|  |TAMS 0x00000000a2900000, 0x00000000a2900000| Untracked 
|  42|0x00000000a2a00000, 0x00000000a2a00000, 0x00000000a2b00000|  0%| F|  |TAMS 0x00000000a2a00000, 0x00000000a2a00000| Untracked 
|  43|0x00000000a2b00000, 0x00000000a2b00000, 0x00000000a2c00000|  0%| F|  |TAMS 0x00000000a2b00000, 0x00000000a2b00000| Untracked 
|  44|0x00000000a2c00000, 0x00000000a2c00000, 0x00000000a2d00000|  0%| F|  |TAMS 0x00000000a2c00000, 0x00000000a2c00000| Untracked 
|  45|0x00000000a2d00000, 0x00000000a2d00000, 0x00000000a2e00000|  0%| F|  |TAMS 0x00000000a2d00000, 0x00000000a2d00000| Untracked 
|  46|0x00000000a2e00000, 0x00000000a2e00000, 0x00000000a2f00000|  0%| F|  |TAMS 0x00000000a2e00000, 0x00000000a2e00000| Untracked 
|  47|0x00000000a2f00000, 0x00000000a2f00000, 0x00000000a3000000|  0%| F|  |TAMS 0x00000000a2f00000, 0x00000000a2f00000| Untracked 
|  48|0x00000000a3000000, 0x00000000a3000000, 0x00000000a3100000|  0%| F|  |TAMS 0x00000000a3000000, 0x00000000a3000000| Untracked 
|  49|0x00000000a3100000, 0x00000000a3100000, 0x00000000a3200000|  0%| F|  |TAMS 0x00000000a3100000, 0x00000000a3100000| Untracked 
|  50|0x00000000a3200000, 0x00000000a3200000, 0x00000000a3300000|  0%| F|  |TAMS 0x00000000a3200000, 0x00000000a3200000| Untracked 
|  51|0x00000000a3300000, 0x00000000a3300000, 0x00000000a3400000|  0%| F|  |TAMS 0x00000000a3300000, 0x00000000a3300000| Untracked 
|  52|0x00000000a3400000, 0x00000000a3400000, 0x00000000a3500000|  0%| F|  |TAMS 0x00000000a3400000, 0x00000000a3400000| Untracked 
|  53|0x00000000a3500000, 0x00000000a3500000, 0x00000000a3600000|  0%| F|  |TAMS 0x00000000a3500000, 0x00000000a3500000| Untracked 
|  54|0x00000000a3600000, 0x00000000a3600000, 0x00000000a3700000|  0%| F|  |TAMS 0x00000000a3600000, 0x00000000a3600000| Untracked 
|  55|0x00000000a3700000, 0x00000000a3700000, 0x00000000a3800000|  0%| F|  |TAMS 0x00000000a3700000, 0x00000000a3700000| Untracked 
|  56|0x00000000a3800000, 0x00000000a3800000, 0x00000000a3900000|  0%| F|  |TAMS 0x00000000a3800000, 0x00000000a3800000| Untracked 
|  57|0x00000000a3900000, 0x00000000a3900000, 0x00000000a3a00000|  0%| F|  |TAMS 0x00000000a3900000, 0x00000000a3900000| Untracked 
|  58|0x00000000a3a00000, 0x00000000a3a00000, 0x00000000a3b00000|  0%| F|  |TAMS 0x00000000a3a00000, 0x00000000a3a00000| Untracked 
|  59|0x00000000a3b00000, 0x00000000a3ba9fc0, 0x00000000a3c00000| 66%| S|CS|TAMS 0x00000000a3b00000, 0x00000000a3b00000| Complete 
|  60|0x00000000a3c00000, 0x00000000a3c00000, 0x00000000a3d00000|  0%| F|  |TAMS 0x00000000a3c00000, 0x00000000a3c00000| Untracked 
|  61|0x00000000a3d00000, 0x00000000a3d00000, 0x00000000a3e00000|  0%| F|  |TAMS 0x00000000a3d00000, 0x00000000a3d00000| Untracked 

Card table byte_map: [0x000001a5f6dd0000,0x000001a5f70d0000] _byte_map_base: 0x000001a5f68d0000

Marking Bits (Prev, Next): (CMBitMap*) 0x000001a5e3a15148, (CMBitMap*) 0x000001a5e3a15180
 Prev Bits: [0x000001a5f73d0000, 0x000001a5f8bd0000)
 Next Bits: [0x000001a5f8bd0000, 0x000001a5fa3d0000)

Polling page: 0x000001a5e31c0000

Metaspace:

Usage:
  Non-class:     17.61 MB capacity,    17.31 MB ( 98%) used,   267.62 KB (  1%) free+waste,    38.50 KB ( <1%) overhead. 
      Class:      3.05 MB capacity,     2.84 MB ( 93%) used,   193.03 KB (  6%) free+waste,    20.31 KB ( <1%) overhead. 
       Both:     20.66 MB capacity,    20.15 MB ( 98%) used,   460.65 KB (  2%) free+waste,    58.81 KB ( <1%) overhead. 

Virtual space:
  Non-class space:       18.00 MB reserved,      17.67 MB ( 98%) committed 
      Class space:        1.00 GB reserved,       3.13 MB ( <1%) committed 
             Both:        1.02 GB reserved,      20.80 MB (  2%) committed 

Chunk freelists:
   Non-Class:  20.00 KB
       Class:  12.00 KB
        Both:  32.00 KB

MaxMetaspaceSize: 17179869184.00 GB
CompressedClassSpaceSize: 1.00 GB

CodeHeap 'non-profiled nmethods': size=120064Kb used=1099Kb max_used=1099Kb free=118964Kb
 bounds [0x000001a5ef590000, 0x000001a5ef800000, 0x000001a5f6ad0000]
CodeHeap 'profiled nmethods': size=120000Kb used=4800Kb max_used=4800Kb free=115199Kb
 bounds [0x000001a5e8060000, 0x000001a5e8520000, 0x000001a5ef590000]
CodeHeap 'non-nmethods': size=5696Kb used=1171Kb max_used=1188Kb free=4525Kb
 bounds [0x000001a5e7ad0000, 0x000001a5e7d40000, 0x000001a5e8060000]
 total_blobs=3842 nmethods=2249 adapters=422
 compilation: enabled
              stopped_count=0, restarted_count=0
 full_count=0

Compilation events (20 events):
Event: 9.922 Thread 0x000001a5fc84f800 2440       3       org.codehaus.groovy.reflection.CachedMethod::getPT (8 bytes)
Event: 9.923 Thread 0x000001a5fc84f800 nmethod 2440 0x000001a5e850be10 code [0x000001a5e850bfe0, 0x000001a5e850c3b0]
Event: 9.923 Thread 0x000001a5fc84f800 2441       3       org.codehaus.groovy.reflection.CachedMethod::getModifiers (8 bytes)
Event: 9.923 Thread 0x000001a5fc84f800 nmethod 2441 0x000001a5e850c510 code [0x000001a5e850c6c0, 0x000001a5e850c858]
Event: 9.936 Thread 0x000001a5fc84f800 2442  s    3       org.codehaus.groovy.reflection.ParameterTypes::getParametersTypes0 (89 bytes)
Event: 9.938 Thread 0x000001a5fc84f800 nmethod 2442 0x000001a5e850c910 code [0x000001a5e850cb80, 0x000001a5e850dc50]
Event: 9.938 Thread 0x000001a5fc84f800 2443       3       org.codehaus.groovy.runtime.metaclass.NewMetaMethod::<init> (56 bytes)
Event: 9.940 Thread 0x000001a5fc84f800 nmethod 2443 0x000001a5e850e010 code [0x000001a5e850e260, 0x000001a5e850ec80]
Event: 9.940 Thread 0x000001a5fc84f800 2444       3       org.codehaus.groovy.runtime.metaclass.ReflectionMetaMethod::<init> (18 bytes)
Event: 9.941 Thread 0x000001a5fc84f800 nmethod 2444 0x000001a5e850ef90 code [0x000001a5e850f180, 0x000001a5e850f770]
Event: 9.941 Thread 0x000001a5fc84f800 2445       3       java.lang.String::regionMatches (187 bytes)
Event: 9.944 Thread 0x000001a5fc84f800 nmethod 2445 0x000001a5e850f990 code [0x000001a5e850fc00, 0x000001a5e8510958]
Event: 9.950 Thread 0x000001a5fc84f800 2446       3       java.nio.HeapByteBuffer::byteOffset (7 bytes)
Event: 9.950 Thread 0x000001a5fc84f800 nmethod 2446 0x000001a5e8510d90 code [0x000001a5e8510f40, 0x000001a5e85110b8]
Event: 9.950 Thread 0x000001a5fc84f800 2447       3       jdk.internal.misc.Unsafe::pickPos (14 bytes)
Event: 9.951 Thread 0x000001a5fc84f800 nmethod 2447 0x000001a5e8311990 code [0x000001a5e8311b40, 0x000001a5e8311c98]
Event: 9.966 Thread 0x000001a5fc84f800 2448       3       java.util.concurrent.locks.AbstractQueuedSynchronizer$ConditionObject::addConditionWaiter (79 bytes)
Event: 9.969 Thread 0x000001a5fc84f800 nmethod 2448 0x000001a5e8511190 code [0x000001a5e8511480, 0x000001a5e85123f0]
Event: 9.969 Thread 0x000001a5fc84f800 2449   !   3       java.util.concurrent.locks.AbstractQueuedSynchronizer::fullyRelease (31 bytes)
Event: 9.970 Thread 0x000001a5fc84f800 nmethod 2449 0x000001a5e8512910 code [0x000001a5e8512b20, 0x000001a5e8513090]

GC Heap History (17 events):
Event: 1.215 GC heap before
{Heap before GC invocations=0 (full 0):
 garbage-first heap   total 63488K, used 19456K [0x00000000a0000000, 0x0000000100000000)
  region size 1024K, 14 young (14336K), 0 survivors (0K)
 Metaspace       used 2184K, capacity 5526K, committed 5760K, reserved 1056768K
  class space    used 259K, capacity 583K, committed 640K, reserved 1048576K
}
Event: 1.225 GC heap after
{Heap after GC invocations=1 (full 0):
 garbage-first heap   total 63488K, used 7794K [0x00000000a0000000, 0x0000000100000000)
  region size 1024K, 2 young (2048K), 2 survivors (2048K)
 Metaspace       used 2184K, capacity 5526K, committed 5760K, reserved 1056768K
  class space    used 259K, capacity 583K, committed 640K, reserved 1048576K
}
Event: 1.778 GC heap before
{Heap before GC invocations=1 (full 0):
 garbage-first heap   total 63488K, used 14962K [0x00000000a0000000, 0x0000000100000000)
  region size 1024K, 9 young (9216K), 2 survivors (2048K)
 Metaspace       used 3418K, capacity 6345K, committed 6400K, reserved 1056768K
  class space    used 444K, capacity 731K, committed 768K, reserved 1048576K
}
Event: 1.787 GC heap after
{Heap after GC invocations=2 (full 0):
 garbage-first heap   total 63488K, used 8331K [0x00000000a0000000, 0x0000000100000000)
  region size 1024K, 1 young (1024K), 1 survivors (1024K)
 Metaspace       used 3418K, capacity 6345K, committed 6400K, reserved 1056768K
  class space    used 444K, capacity 731K, committed 768K, reserved 1048576K
}
Event: 2.382 GC heap before
{Heap before GC invocations=2 (full 0):
 garbage-first heap   total 63488K, used 26763K [0x00000000a0000000, 0x0000000100000000)
  region size 1024K, 20 young (20480K), 1 survivors (1024K)
 Metaspace       used 4054K, capacity 6655K, committed 6784K, reserved 1056768K
  class space    used 511K, capacity 770K, committed 896K, reserved 1048576K
}
Event: 2.387 GC heap after
{Heap after GC invocations=3 (full 0):
 garbage-first heap   total 63488K, used 9484K [0x00000000a0000000, 0x0000000100000000)
  region size 1024K, 2 young (2048K), 2 survivors (2048K)
 Metaspace       used 4054K, capacity 6655K, committed 6784K, reserved 1056768K
  class space    used 511K, capacity 770K, committed 896K, reserved 1048576K
}
Event: 3.635 GC heap before
{Heap before GC invocations=3 (full 0):
 garbage-first heap   total 63488K, used 32012K [0x00000000a0000000, 0x0000000100000000)
  region size 1024K, 24 young (24576K), 2 survivors (2048K)
 Metaspace       used 6290K, capacity 8089K, committed 8320K, reserved 1056768K
  class space    used 882K, capacity 1125K, committed 1152K, reserved 1048576K
}
Event: 3.645 GC heap after
{Heap after GC invocations=4 (full 0):
 garbage-first heap   total 63488K, used 13841K [0x00000000a0000000, 0x0000000100000000)
  region size 1024K, 3 young (3072K), 3 survivors (3072K)
 Metaspace       used 6290K, capacity 8089K, committed 8320K, reserved 1056768K
  class space    used 882K, capacity 1125K, committed 1152K, reserved 1048576K
}
Event: 6.809 GC heap before
{Heap before GC invocations=4 (full 0):
 garbage-first heap   total 63488K, used 35345K [0x00000000a0000000, 0x0000000100000000)
  region size 1024K, 24 young (24576K), 3 survivors (3072K)
 Metaspace       used 10812K, capacity 11240K, committed 11520K, reserved 1058816K
  class space    used 1541K, capacity 1689K, committed 1792K, reserved 1048576K
}
Event: 6.817 GC heap after
{Heap after GC invocations=5 (full 0):
 garbage-first heap   total 63488K, used 15263K [0x00000000a0000000, 0x0000000100000000)
  region size 1024K, 2 young (2048K), 2 survivors (2048K)
 Metaspace       used 10812K, capacity 11240K, committed 11520K, reserved 1058816K
  class space    used 1541K, capacity 1689K, committed 1792K, reserved 1048576K
}
Event: 7.631 GC heap before
{Heap before GC invocations=5 (full 0):
 garbage-first heap   total 63488K, used 37791K [0x00000000a0000000, 0x0000000100000000)
  region size 1024K, 24 young (24576K), 2 survivors (2048K)
 Metaspace       used 13692K, capacity 14201K, committed 14336K, reserved 1060864K
  class space    used 2010K, capacity 2190K, committed 2304K, reserved 1048576K
}
Event: 7.638 GC heap after
{Heap after GC invocations=6 (full 0):
 garbage-first heap   total 63488K, used 16357K [0x00000000a0000000, 0x0000000100000000)
  region size 1024K, 3 young (3072K), 3 survivors (3072K)
 Metaspace       used 13692K, capacity 14201K, committed 14336K, reserved 1060864K
  class space    used 2010K, capacity 2190K, committed 2304K, reserved 1048576K
}
Event: 8.750 GC heap before
{Heap before GC invocations=6 (full 0):
 garbage-first heap   total 63488K, used 46053K [0x00000000a0000000, 0x0000000100000000)
  region size 1024K, 25 young (25600K), 3 survivors (3072K)
 Metaspace       used 16573K, capacity 17164K, committed 17280K, reserved 1064960K
  class space    used 2451K, capacity 2658K, committed 2688K, reserved 1048576K
}
Event: 8.760 GC heap after
{Heap after GC invocations=7 (full 0):
 garbage-first heap   total 63488K, used 26412K [0x00000000a0000000, 0x0000000100000000)
  region size 1024K, 4 young (4096K), 4 survivors (4096K)
 Metaspace       used 16573K, capacity 17164K, committed 17280K, reserved 1064960K
  class space    used 2451K, capacity 2658K, committed 2688K, reserved 1048576K
}
Event: 9.818 GC heap before
{Heap before GC invocations=7 (full 0):
 garbage-first heap   total 63488K, used 49964K [0x00000000a0000000, 0x0000000100000000)
  region size 1024K, 23 young (23552K), 4 survivors (4096K)
 Metaspace       used 19684K, capacity 20254K, committed 20480K, reserved 1067008K
  class space    used 2834K, capacity 3058K, committed 3072K, reserved 1048576K
}
Event: 9.830 GC heap after
{Heap after GC invocations=8 (full 0):
 garbage-first heap   total 63488K, used 32957K [0x00000000a0000000, 0x0000000100000000)
  region size 1024K, 3 young (3072K), 3 survivors (3072K)
 Metaspace       used 19684K, capacity 20254K, committed 20480K, reserved 1067008K
  class space    used 2834K, capacity 3058K, committed 3072K, reserved 1048576K
}
Event: 9.984 GC heap before
{Heap before GC invocations=8 (full 0):
 garbage-first heap   total 63488K, used 33981K [0x00000000a0000000, 0x0000000100000000)
  region size 1024K, 5 young (5120K), 3 survivors (3072K)
 Metaspace       used 20632K, capacity 21152K, committed 21296K, reserved 1067008K
  class space    used 2910K, capacity 3124K, committed 3200K, reserved 1048576K
}

Deoptimization events (20 events):
Event: 9.444 Thread 0x000001a5fea1c800 DEOPT PACKING pc=0x000001a5ef5df328 sp=0x00000039f91f9910
Event: 9.444 Thread 0x000001a5fea1c800 DEOPT UNPACKING pc=0x000001a5e7af86a9 sp=0x00000039f91f9890 mode 2
Event: 9.446 Thread 0x000001a5fea1c800 DEOPT PACKING pc=0x000001a5ef689568 sp=0x00000039f91f9c90
Event: 9.446 Thread 0x000001a5fea1c800 DEOPT UNPACKING pc=0x000001a5e7af84bf sp=0x00000039f91f9190 mode 0
Event: 9.533 Thread 0x000001a5fea1c800 Uncommon trap: trap_request=0xffffffc6 fr.pc=0x000001a5ef677c0c relative=0x000000000000030c
Event: 9.533 Thread 0x000001a5fea1c800 Uncommon trap: reason=bimorphic_or_optimized_type_check action=maybe_recompile pc=0x000001a5ef677c0c method=java.io.BufferedInputStream.read([BII)I @ 101 c2
Event: 9.533 Thread 0x000001a5fea1c800 DEOPT PACKING pc=0x000001a5ef677c0c sp=0x00000039f91f9260
Event: 9.534 Thread 0x000001a5fea1c800 DEOPT UNPACKING pc=0x000001a5e7af86a9 sp=0x00000039f91f9218 mode 2
Event: 9.534 Thread 0x000001a5fea1c800 Uncommon trap: trap_request=0xffffffc6 fr.pc=0x000001a5ef677c0c relative=0x000000000000030c
Event: 9.534 Thread 0x000001a5fea1c800 Uncommon trap: reason=bimorphic_or_optimized_type_check action=maybe_recompile pc=0x000001a5ef677c0c method=java.io.BufferedInputStream.read([BII)I @ 101 c2
Event: 9.534 Thread 0x000001a5fea1c800 DEOPT PACKING pc=0x000001a5ef677c0c sp=0x00000039f91f9260
Event: 9.534 Thread 0x000001a5fea1c800 DEOPT UNPACKING pc=0x000001a5e7af86a9 sp=0x00000039f91f9218 mode 2
Event: 9.536 Thread 0x000001a5fea1c800 Uncommon trap: trap_request=0xffffffc6 fr.pc=0x000001a5ef677c0c relative=0x000000000000030c
Event: 9.536 Thread 0x000001a5fea1c800 Uncommon trap: reason=bimorphic_or_optimized_type_check action=maybe_recompile pc=0x000001a5ef677c0c method=java.io.BufferedInputStream.read([BII)I @ 101 c2
Event: 9.536 Thread 0x000001a5fea1c800 DEOPT PACKING pc=0x000001a5ef677c0c sp=0x00000039f91f9260
Event: 9.536 Thread 0x000001a5fea1c800 DEOPT UNPACKING pc=0x000001a5e7af86a9 sp=0x00000039f91f9218 mode 2
Event: 9.536 Thread 0x000001a5fea1c800 Uncommon trap: trap_request=0xffffffc6 fr.pc=0x000001a5ef677c0c relative=0x000000000000030c
Event: 9.536 Thread 0x000001a5fea1c800 Uncommon trap: reason=bimorphic_or_optimized_type_check action=maybe_recompile pc=0x000001a5ef677c0c method=java.io.BufferedInputStream.read([BII)I @ 101 c2
Event: 9.536 Thread 0x000001a5fea1c800 DEOPT PACKING pc=0x000001a5ef677c0c sp=0x00000039f91f9260
Event: 9.536 Thread 0x000001a5fea1c800 DEOPT UNPACKING pc=0x000001a5e7af86a9 sp=0x00000039f91f9218 mode 2

Classes redefined (0 events):
No events

Internal exceptions (20 events):
Event: 8.810 Thread 0x000001a5fea1c800 Exception <a 'java/lang/NoSuchMethodError'{0x00000000a3c4e8f0}: <clinit>> (0x00000000a3c4e8f0) thrown at [c:/BuildAgent/work/1eae4dac1d648407/src/hotspot/share/prims/jni.cpp, line 1362]
Event: 8.812 Thread 0x000001a5fea1c800 Exception <a 'java/lang/NoSuchMethodError'{0x00000000a3c553f8}: <clinit>> (0x00000000a3c553f8) thrown at [c:/BuildAgent/work/1eae4dac1d648407/src/hotspot/share/prims/jni.cpp, line 1362]
Event: 8.820 Thread 0x000001a5fea1c800 Exception <a 'java/lang/NoSuchMethodError'{0x00000000a3c67fe8}: <clinit>> (0x00000000a3c67fe8) thrown at [c:/BuildAgent/work/1eae4dac1d648407/src/hotspot/share/prims/jni.cpp, line 1362]
Event: 8.855 Thread 0x000001a5fea1c800 Exception <a 'java/lang/NoSuchMethodError'{0x00000000a3c93d48}: <clinit>> (0x00000000a3c93d48) thrown at [c:/BuildAgent/work/1eae4dac1d648407/src/hotspot/share/prims/jni.cpp, line 1362]
Event: 8.859 Thread 0x000001a5fea1c800 Exception <a 'java/lang/NoSuchMethodError'{0x00000000a3cfec10}: <clinit>> (0x00000000a3cfec10) thrown at [c:/BuildAgent/work/1eae4dac1d648407/src/hotspot/share/prims/jni.cpp, line 1362]
Event: 8.873 Thread 0x000001a5fea1c800 Exception <a 'java/lang/NoSuchMethodError'{0x00000000a3b34a28}: <clinit>> (0x00000000a3b34a28) thrown at [c:/BuildAgent/work/1eae4dac1d648407/src/hotspot/share/prims/jni.cpp, line 1362]
Event: 8.875 Thread 0x000001a5fea1c800 Exception <a 'java/lang/NoSuchMethodError'{0x00000000a3b404a0}: <clinit>> (0x00000000a3b404a0) thrown at [c:/BuildAgent/work/1eae4dac1d648407/src/hotspot/share/prims/jni.cpp, line 1362]
Event: 8.881 Thread 0x000001a5fea1c800 Exception <a 'java/lang/NoSuchMethodError'{0x00000000a3b51458}: <clinit>> (0x00000000a3b51458) thrown at [c:/BuildAgent/work/1eae4dac1d648407/src/hotspot/share/prims/jni.cpp, line 1362]
Event: 8.885 Thread 0x000001a5fea1c800 Exception <a 'java/lang/NoSuchMethodError'{0x00000000a3b61850}: <clinit>> (0x00000000a3b61850) thrown at [c:/BuildAgent/work/1eae4dac1d648407/src/hotspot/share/prims/jni.cpp, line 1362]
Event: 8.890 Thread 0x000001a5fea1c800 Exception <a 'java/lang/NoSuchMethodError'{0x00000000a3b75e10}: <clinit>> (0x00000000a3b75e10) thrown at [c:/BuildAgent/work/1eae4dac1d648407/src/hotspot/share/prims/jni.cpp, line 1362]
Event: 8.892 Thread 0x000001a5fea1c800 Exception <a 'java/lang/NoSuchMethodError'{0x00000000a3b7fa38}: <clinit>> (0x00000000a3b7fa38) thrown at [c:/BuildAgent/work/1eae4dac1d648407/src/hotspot/share/prims/jni.cpp, line 1362]
Event: 8.897 Thread 0x000001a5fea1c800 Exception <a 'java/lang/NoSuchMethodError'{0x00000000a3b89af0}: <clinit>> (0x00000000a3b89af0) thrown at [c:/BuildAgent/work/1eae4dac1d648407/src/hotspot/share/prims/jni.cpp, line 1362]
Event: 8.899 Thread 0x000001a5fea1c800 Exception <a 'java/lang/NoSuchMethodError'{0x00000000a3b93530}: <clinit>> (0x00000000a3b93530) thrown at [c:/BuildAgent/work/1eae4dac1d648407/src/hotspot/share/prims/jni.cpp, line 1362]
Event: 8.921 Thread 0x000001a5fea1c800 Exception <a 'java/lang/NoSuchMethodError'{0x00000000a3a3e020}: <clinit>> (0x00000000a3a3e020) thrown at [c:/BuildAgent/work/1eae4dac1d648407/src/hotspot/share/prims/jni.cpp, line 1362]
Event: 8.921 Thread 0x000001a5fea1c800 Exception <a 'java/lang/NoSuchMethodError'{0x00000000a3a40a40}: <clinit>> (0x00000000a3a40a40) thrown at [c:/BuildAgent/work/1eae4dac1d648407/src/hotspot/share/prims/jni.cpp, line 1362]
Event: 8.922 Thread 0x000001a5fea1c800 Exception <a 'java/lang/NoSuchMethodError'{0x00000000a3a42030}: <clinit>> (0x00000000a3a42030) thrown at [c:/BuildAgent/work/1eae4dac1d648407/src/hotspot/share/prims/jni.cpp, line 1362]
Event: 8.922 Thread 0x000001a5fea1c800 Exception <a 'java/lang/NoSuchMethodError'{0x00000000a3a435b0}: <clinit>> (0x00000000a3a435b0) thrown at [c:/BuildAgent/work/1eae4dac1d648407/src/hotspot/share/prims/jni.cpp, line 1362]
Event: 8.922 Thread 0x000001a5fea1c800 Exception <a 'java/lang/NoSuchMethodError'{0x00000000a3a44cf8}: <clinit>> (0x00000000a3a44cf8) thrown at [c:/BuildAgent/work/1eae4dac1d648407/src/hotspot/share/prims/jni.cpp, line 1362]
Event: 8.923 Thread 0x000001a5fea1c800 Exception <a 'java/lang/NoSuchMethodError'{0x00000000a3a460d0}: <clinit>> (0x00000000a3a460d0) thrown at [c:/BuildAgent/work/1eae4dac1d648407/src/hotspot/share/prims/jni.cpp, line 1362]
Event: 8.923 Thread 0x000001a5fea1c800 Exception <a 'java/lang/NoSuchMethodError'{0x00000000a3a47348}: <clinit>> (0x00000000a3a47348) thrown at [c:/BuildAgent/work/1eae4dac1d648407/src/hotspot/share/prims/jni.cpp, line 1362]

Events (20 events):
Event: 9.979 loading class javax/swing/SwingConstants done
Event: 9.979 loading class javax/swing/JTabbedPane done
Event: 9.979 loading class javax/swing/DefaultListModel
Event: 9.980 loading class javax/swing/AbstractListModel
Event: 9.981 loading class javax/swing/AbstractListModel done
Event: 9.981 loading class javax/swing/DefaultListModel done
Event: 9.981 loading class javax/swing/DefaultComboBoxModel
Event: 9.981 loading class javax/swing/MutableComboBoxModel
Event: 9.981 loading class javax/swing/ComboBoxModel
Event: 9.981 loading class javax/swing/ComboBoxModel done
Event: 9.981 loading class javax/swing/MutableComboBoxModel done
Event: 9.982 loading class javax/swing/DefaultComboBoxModel done
Event: 9.982 loading class javax/swing/tree/DefaultMutableTreeNode
Event: 9.982 loading class javax/swing/tree/DefaultMutableTreeNode done
Event: 9.983 loading class javax/swing/table/TableColumnModel
Event: 9.983 loading class javax/swing/table/TableColumnModel done
Event: 9.983 loading class javax/swing/tree/TreePath
Event: 9.983 loading class javax/swing/tree/TreePath done
Event: 9.983 loading class javax/swing/JMenuBar
Event: 9.984 Executing VM operation: CollectForMetadataAllocation


Dynamic libraries:
0x00007ff755b40000 - 0x00007ff755b4a000 	C:\Program Files\JetBrains\IntelliJ IDEA Community Edition 2020.1\jbr\bin\java.exe
0x00007ff8492b0000 - 0x00007ff8494a4000 	C:\WINDOWS\SYSTEM32\ntdll.dll
0x00007ff848000000 - 0x00007ff8480bd000 	C:\WINDOWS\System32\KERNEL32.DLL
0x00007ff846bc0000 - 0x00007ff846e87000 	C:\WINDOWS\System32\KERNELBASE.dll
0x00007ff846f70000 - 0x00007ff847070000 	C:\WINDOWS\System32\ucrtbase.dll
0x00007ff83deb0000 - 0x00007ff83dec7000 	C:\Program Files\JetBrains\IntelliJ IDEA Community Edition 2020.1\jbr\bin\VCRUNTIME140.dll
0x00007ff83de30000 - 0x00007ff83de49000 	C:\Program Files\JetBrains\IntelliJ IDEA Community Edition 2020.1\jbr\bin\jli.dll
0x00007ff847df0000 - 0x00007ff847f90000 	C:\WINDOWS\System32\USER32.dll
0x00007ff846f40000 - 0x00007ff846f62000 	C:\WINDOWS\System32\win32u.dll
0x00007ff833210000 - 0x00007ff8334aa000 	C:\WINDOWS\WinSxS\amd64_microsoft.windows.common-controls_6595b64144ccf1df_6.0.19041.1_none_b555e41d4684ddec\COMCTL32.dll
0x00007ff847420000 - 0x00007ff84744a000 	C:\WINDOWS\System32\GDI32.dll
0x00007ff8480c0000 - 0x00007ff84815e000 	C:\WINDOWS\System32\msvcrt.dll
0x00007ff847070000 - 0x00007ff84717a000 	C:\WINDOWS\System32\gdi32full.dll
0x00007ff846a70000 - 0x00007ff846b0d000 	C:\WINDOWS\System32\msvcp_win.dll
0x00007ff8478f0000 - 0x00007ff847920000 	C:\WINDOWS\System32\IMM32.DLL
0x00007ff8317f0000 - 0x00007ff83188d000 	C:\Program Files\JetBrains\IntelliJ IDEA Community Edition 2020.1\jbr\bin\msvcp140.dll
0x00007ff819220000 - 0x00007ff819cdd000 	C:\Program Files\JetBrains\IntelliJ IDEA Community Edition 2020.1\jbr\bin\server\jvm.dll
0x00007ff847310000 - 0x00007ff8473ba000 	C:\WINDOWS\System32\ADVAPI32.dll
0x00007ff8479b0000 - 0x00007ff847a4b000 	C:\WINDOWS\System32\sechost.dll
0x00007ff8477b0000 - 0x00007ff8478d3000 	C:\WINDOWS\System32\RPCRT4.dll
0x00007ff8478e0000 - 0x00007ff8478e8000 	C:\WINDOWS\System32\PSAPI.DLL
0x00007ff842490000 - 0x00007ff842499000 	C:\WINDOWS\SYSTEM32\WSOCK32.dll
0x00007ff835f50000 - 0x00007ff835f77000 	C:\WINDOWS\SYSTEM32\WINMM.dll
0x00007ff835c40000 - 0x00007ff835c4a000 	C:\WINDOWS\SYSTEM32\VERSION.dll
0x00007ff847f90000 - 0x00007ff847ffb000 	C:\WINDOWS\System32\WS2_32.dll
0x00007ff844870000 - 0x00007ff844883000 	C:\WINDOWS\SYSTEM32\kernel.appcore.dll
0x00007ff83e700000 - 0x00007ff83e711000 	C:\Program Files\JetBrains\IntelliJ IDEA Community Edition 2020.1\jbr\bin\verify.dll
0x00007ff8351e0000 - 0x00007ff8353c4000 	C:\WINDOWS\SYSTEM32\DBGHELP.DLL
0x00007ff834790000 - 0x00007ff8347bc000 	C:\WINDOWS\SYSTEM32\dbgcore.DLL
0x00007ff8469f0000 - 0x00007ff846a6f000 	C:\WINDOWS\System32\bcryptPrimitives.dll
0x00007ff83e6d0000 - 0x00007ff83e6f9000 	C:\Program Files\JetBrains\IntelliJ IDEA Community Edition 2020.1\jbr\bin\java.dll
0x00007ff83e6b0000 - 0x00007ff83e6c8000 	C:\Program Files\JetBrains\IntelliJ IDEA Community Edition 2020.1\jbr\bin\zip.dll
0x00007ff840210000 - 0x00007ff84021b000 	C:\Program Files\JetBrains\IntelliJ IDEA Community Edition 2020.1\jbr\bin\jimage.dll
0x00007ff8486c0000 - 0x00007ff848df1000 	C:\WINDOWS\System32\SHELL32.dll
0x00007ff844b80000 - 0x00007ff84530a000 	C:\WINDOWS\SYSTEM32\windows.storage.dll
0x00007ff848360000 - 0x00007ff8486b4000 	C:\WINDOWS\System32\combase.dll
0x00007ff846390000 - 0x00007ff8463bb000 	C:\WINDOWS\SYSTEM32\Wldp.dll
0x00007ff847d40000 - 0x00007ff847dee000 	C:\WINDOWS\System32\SHCORE.dll
0x00007ff847530000 - 0x00007ff847585000 	C:\WINDOWS\System32\shlwapi.dll
0x00007ff846930000 - 0x00007ff84694f000 	C:\WINDOWS\SYSTEM32\profapi.dll
0x00007ff83e690000 - 0x00007ff83e6aa000 	C:\Program Files\JetBrains\IntelliJ IDEA Community Edition 2020.1\jbr\bin\net.dll
0x00007ff83f5b0000 - 0x00007ff83f6b2000 	C:\WINDOWS\SYSTEM32\WINHTTP.dll
0x00007ff846120000 - 0x00007ff84618a000 	C:\WINDOWS\system32\mswsock.dll
0x00007ff83e0d0000 - 0x00007ff83e0e4000 	C:\Program Files\JetBrains\IntelliJ IDEA Community Edition 2020.1\jbr\bin\nio.dll
0x00007ff837ac0000 - 0x00007ff837ae6000 	C:\Users\1\.gradle\native\30\windows-amd64\native-platform.dll
0x00007ff840080000 - 0x00007ff84008a000 	C:\Program Files\JetBrains\IntelliJ IDEA Community Edition 2020.1\jbr\bin\management.dll
0x00007ff83ff60000 - 0x00007ff83ff6c000 	C:\Program Files\JetBrains\IntelliJ IDEA Community Edition 2020.1\jbr\bin\management_ext.dll
0x00007ff8462f0000 - 0x00007ff846308000 	C:\WINDOWS\SYSTEM32\CRYPTSP.dll
0x00007ff845ab0000 - 0x00007ff845ae4000 	C:\WINDOWS\system32\rsaenh.dll
0x00007ff847180000 - 0x00007ff8471a7000 	C:\WINDOWS\System32\bcrypt.dll
0x00007ff8468b0000 - 0x00007ff8468de000 	C:\WINDOWS\SYSTEM32\USERENV.dll
0x00007ff846830000 - 0x00007ff84683c000 	C:\WINDOWS\SYSTEM32\CRYPTBASE.dll
0x00007ff845e10000 - 0x00007ff845e4b000 	C:\WINDOWS\SYSTEM32\IPHLPAPI.DLL
0x00007ff8477a0000 - 0x00007ff8477a9000 	C:\WINDOWS\System32\NSI.dll
0x00007ff83d4f0000 - 0x00007ff83d507000 	C:\WINDOWS\SYSTEM32\dhcpcsvc6.DLL
0x00007ff83fa70000 - 0x00007ff83fa8d000 	C:\WINDOWS\SYSTEM32\dhcpcsvc.DLL
0x00007ff845e50000 - 0x00007ff845f1a000 	C:\WINDOWS\SYSTEM32\DNSAPI.dll

dbghelp: loaded successfully - version: 4.0.5 - missing functions: none
symbol engine: initialized successfully - sym options: 0x614 - pdb path: .;C:\Program Files\JetBrains\IntelliJ IDEA Community Edition 2020.1\jbr\bin;C:\WINDOWS\SYSTEM32;C:\WINDOWS\WinSxS\amd64_microsoft.windows.common-controls_6595b64144ccf1df_6.0.19041.1_none_b555e41d4684ddec;C:\Program Files\JetBrains\IntelliJ IDEA Community Edition 2020.1\jbr\bin\server;C:\Users\1\.gradle\native\30\windows-amd64

VM Arguments:
jvm_args: --add-opens=java.base/java.util=ALL-UNNAMED --add-opens=java.base/java.lang=ALL-UNNAMED --add-opens=java.base/java.lang.invoke=ALL-UNNAMED --add-opens=java.prefs/java.util.prefs=ALL-UNNAMED -Xmx1536m -Dfile.encoding=windows-1251 -Duser.country=RU -Duser.language=ru -Duser.variant 
java_command: org.gradle.launcher.daemon.bootstrap.GradleDaemon 5.6.4
java_class_path (initial): C:\Users\1\.gradle\wrapper\dists\gradle-5.6.4-all\ankdp27end7byghfw1q2sw75f\gradle-5.6.4\lib\gradle-launcher-5.6.4.jar
Launcher Type: SUN_STANDARD

[Global flags]
     intx CICompilerCount                          = 3                                         {product} {ergonomic}
     uint ConcGCThreads                            = 1                                         {product} {ergonomic}
     uint G1ConcRefinementThreads                  = 4                                         {product} {ergonomic}
   size_t G1HeapRegionSize                         = 1048576                                   {product} {ergonomic}
    uintx GCDrainStackTargetSize                   = 64                                        {product} {ergonomic}
   size_t InitialHeapSize                          = 65011712                                  {product} {ergonomic}
   size_t MarkStackSize                            = 4194304                                   {product} {ergonomic}
   size_t MaxHeapSize                              = 1610612736                                {product} {command line}
   size_t MaxNewSize                               = 965738496                                 {product} {ergonomic}
   size_t MinHeapDeltaBytes                        = 1048576                                   {product} {ergonomic}
    uintx NonNMethodCodeHeapSize                   = 5830732                                {pd product} {ergonomic}
    uintx NonProfiledCodeHeapSize                  = 122913754                              {pd product} {ergonomic}
    uintx ProfiledCodeHeapSize                     = 122913754                              {pd product} {ergonomic}
    uintx ReservedCodeCacheSize                    = 251658240                              {pd product} {ergonomic}
     bool SegmentedCodeCache                       = true                                      {product} {ergonomic}
     bool UseCompressedClassPointers               = true                                 {lp64_product} {ergonomic}
     bool UseCompressedOops                        = true                                 {lp64_product} {ergonomic}
     bool UseG1GC                                  = true                                      {product} {ergonomic}
     bool UseLargePagesIndividualAllocation        = false                                  {pd product} {ergonomic}

Logging:
Log output configuration:
 #0: stdout all=warning uptime,level,tags
 #1: stderr all=off uptime,level,tags

Environment Variables:
PATH=C:\Program Files (x86)\Common Files\Oracle\Java\javapath;C:\ProgramData\Oracle\Java\javapath;C:\Program Files (x86)\Common Files\Intel\Shared Libraries\redist\intel64\compiler;C:\WINDOWS\system32;C:\WINDOWS;C:\WINDOWS\System32\Wbem;C:\WINDOWS\System32\WindowsPowerShell\v1.0\;C:\WINDOWS\System32\OpenSSH\;C:\Program Files\Git\cmd;C:\Users\1\AppData\Local\Microsoft\WindowsApps;;C:\Users\1\AppData\Local\Programs\Microsoft VS Code\bin
USERNAME=1
OS=Windows_NT
PROCESSOR_IDENTIFIER=Intel64 Family 6 Model 92 Stepping 9, GenuineIntel



---------------  S Y S T E M  ---------------

OS: Windows 10 , 64 bit Build 19041 (10.0.19041.207)

CPU:total 4 (initial active 4) (4 cores per cpu, 1 threads per core) family 6 model 92 stepping 9, cmov, cx8, fxsr, mmx, sse, sse2, sse3, ssse3, sse4.1, sse4.2, popcnt, aes, clmul, erms, 3dnowpref, tsc, tscinvbit, sha

Memory: 4k page, system-wide physical 3920M (1127M free)
TotalPageFile size 6944M (AvailPageFile size 5M)
current process WorkingSet (physical memory assigned to process): 183M, peak: 183M
current process commit charge ("private bytes"): 212M, peak: 222M

vm_info: OpenJDK 64-Bit Server VM (11.0.6+8-b765.25) for windows-amd64 JRE (11.0.6+8-b765.25), built on Mar 30 2020 12:57:22 by "" with MS VC++ 14.0 (VS2015)

END.
