#
# There is insufficient memory for the Java Runtime Environment to continue.
# Native memory allocation (mmap) failed to map 15728640 bytes for Failed to commit area from 0x00000000a4b00000 to 0x00000000a5a00000 of length 15728640.
# Possible reasons:
#   The system is out of physical RAM or swap space
#   The process is running with CompressedOops enabled, and the Java Heap may be blocking the growth of the native heap
# Possible solutions:
#   Reduce memory load on the system
#   Increase physical memory or swap space
#   Check if swap backing store is full
#   Decrease Java heap size (-Xmx/-Xms)
#   Decrease number of Java threads
#   Decrease Java thread stack sizes (-Xss)
#   Set larger code cache with -XX:ReservedCodeCacheSize=
#   JVM is running with Unscaled Compressed Oops mode in which the Java heap is
#     placed in the first 4GB address space. The Java Heap base address is the
#     maximum limit for the native heap growth. Please use -XX:HeapBaseMinAddress
#     to set the Java Heap base and to place the Java Heap above 4GB virtual address.
# This output file may be truncated or incomplete.
#
#  Out of Memory Error (c:/BuildAgent/work/1eae4dac1d648407/src/hotspot/os/windows/os_windows.cpp:3296), pid=7884, tid=3380
#
# JRE version: OpenJDK Runtime Environment (11.0.6+8) (build 11.0.6+8-b765.25)
# Java VM: OpenJDK 64-Bit Server VM (11.0.6+8-b765.25, mixed mode, sharing, tiered, compressed oops, g1 gc, windows-amd64)
# No core dump will be written. Minidumps are not enabled by default on client versions of Windows
#

---------------  S U M M A R Y ------------

Command Line: --add-opens=java.base/java.util=ALL-UNNAMED --add-opens=java.base/java.lang=ALL-UNNAMED --add-opens=java.base/java.lang.invoke=ALL-UNNAMED --add-opens=java.prefs/java.util.prefs=ALL-UNNAMED -Xmx1536m -Dfile.encoding=windows-1251 -Duser.country=RU -Duser.language=ru -Duser.variant org.gradle.launcher.daemon.bootstrap.GradleDaemon 5.6.4

Host: Intel(R) Pentium(R) CPU N4200 @ 1.10GHz, 4 cores, 3G,  Windows 10 , 64 bit Build 19041 (10.0.19041.207)
Time: Sat Apr 18 19:09:02 2020 Центральноевропейский (лето) elapsed time: 28 seconds (0d 0h 0m 28s)

---------------  T H R E A D  ---------------

Current thread (0x000001f93136c000):  VMThread "VM Thread" [stack: 0x000000c032f00000,0x000000c033000000] [id=3380]

Stack: [0x000000c032f00000,0x000000c033000000]
[error occurred during error reporting (printing stack bounds), id 0xc0000005, EXCEPTION_ACCESS_VIOLATION (0xc0000005) at pc=0x000001f935380dbd]

Native frames: (J=compiled Java code, j=interpreted, Vv=VM code, C=native code)
V  [jvm.dll+0x5de3ca]
V  [jvm.dll+0x710ae5]
V  [jvm.dll+0x712005]
V  [jvm.dll+0x712615]
V  [jvm.dll+0x7125cb]
V  [jvm.dll+0x5dd818]
V  [jvm.dll+0x5ddfb8]
C  [ntdll.dll+0xa00ef]
C  [ntdll.dll+0x4b474]
C  [ntdll.dll+0x9ec1e]
C  0x000001f935380dbd

VM_Operation (0x000000c0341f4860): G1CollectForAllocation, mode: safepoint, requested by thread 0x000001f94b7fc800


---------------  P R O C E S S  ---------------

Threads class SMR info:
_java_thread_list=0x000001f94d449ac0, length=33, elements={
0x000001f931285000, 0x000001f93136e000, 0x000001f94a0da800, 0x000001f94a0f4000,
0x000001f94a0f5800, 0x000001f94a0f6800, 0x000001f94a0fd800, 0x000001f94a109800,
0x000001f94ab67800, 0x000001f94ab6d800, 0x000001f94d017000, 0x000001f94cd11800,
0x000001f94b5d8000, 0x000001f94c367800, 0x000001f94b827800, 0x000001f94c0b9800,
0x000001f94b7fc800, 0x000001f94bd69800, 0x000001f94acf6000, 0x000001f94c0e4000,
0x000001f94c262800, 0x000001f94c263000, 0x000001f94c264000, 0x000001f94c265000,
0x000001f94d5cc000, 0x000001f94d5cb000, 0x000001f94d5c8800, 0x000001f94d5cc800,
0x000001f94d5cf000, 0x000001f94d5c9800, 0x000001f94d5d1800, 0x000001f94d5d3000,
0x000001f94cc85000
}

Java Threads: ( => current thread )
  0x000001f931285000 JavaThread "main" [_thread_blocked, id=8600, stack(0x000000c032900000,0x000000c032a00000)]
  0x000001f93136e000 JavaThread "Reference Handler" daemon [_thread_blocked, id=4336, stack(0x000000c033000000,0x000000c033100000)]
  0x000001f94a0da800 JavaThread "Finalizer" daemon [_thread_blocked, id=4208, stack(0x000000c033100000,0x000000c033200000)]
  0x000001f94a0f4000 JavaThread "Signal Dispatcher" daemon [_thread_blocked, id=3576, stack(0x000000c033200000,0x000000c033300000)]
  0x000001f94a0f5800 JavaThread "Attach Listener" daemon [_thread_blocked, id=9792, stack(0x000000c033300000,0x000000c033400000)]
  0x000001f94a0f6800 JavaThread "C2 CompilerThread0" daemon [_thread_blocked, id=1972, stack(0x000000c033400000,0x000000c033500000)]
  0x000001f94a0fd800 JavaThread "C1 CompilerThread0" daemon [_thread_blocked, id=2316, stack(0x000000c033500000,0x000000c033600000)]
  0x000001f94a109800 JavaThread "Sweeper thread" daemon [_thread_blocked, id=3100, stack(0x000000c033600000,0x000000c033700000)]
  0x000001f94ab67800 JavaThread "Common-Cleaner" daemon [_thread_blocked, id=3568, stack(0x000000c033700000,0x000000c033800000)]
  0x000001f94ab6d800 JavaThread "Service Thread" daemon [_thread_blocked, id=6524, stack(0x000000c033800000,0x000000c033900000)]
  0x000001f94d017000 JavaThread "Daemon health stats" [_thread_blocked, id=3356, stack(0x000000c033c00000,0x000000c033d00000)]
  0x000001f94cd11800 JavaThread "Incoming local TCP Connector on port 59440" [_thread_in_native, id=7644, stack(0x000000c033b00000,0x000000c033c00000)]
  0x000001f94b5d8000 JavaThread "Daemon periodic checks" [_thread_blocked, id=6984, stack(0x000000c033d00000,0x000000c033e00000)]
  0x000001f94c367800 JavaThread "Daemon" [_thread_blocked, id=8304, stack(0x000000c033e00000,0x000000c033f00000)]
  0x000001f94b827800 JavaThread "Handler for socket connection from /127.0.0.1:59440 to /127.0.0.1:59441" [_thread_in_native, id=9912, stack(0x000000c033f00000,0x000000c034000000)]
  0x000001f94c0b9800 JavaThread "Cancel handler" [_thread_blocked, id=3000, stack(0x000000c034000000,0x000000c034100000)]
  0x000001f94b7fc800 JavaThread "Daemon worker" [_thread_blocked, id=2504, stack(0x000000c034100000,0x000000c034200000)]
  0x000001f94bd69800 JavaThread "Asynchronous log dispatcher for DefaultDaemonConnection: socket connection from /127.0.0.1:59440 to /127.0.0.1:59441" [_thread_blocked, id=7936, stack(0x000000c034200000,0x000000c034300000)]
  0x000001f94acf6000 JavaThread "Stdin handler" [_thread_blocked, id=7068, stack(0x000000c034300000,0x000000c034400000)]
  0x000001f94c0e4000 JavaThread "Thread-8" [_thread_blocked, id=2632, stack(0x000000c034400000,0x000000c034500000)]
  0x000001f94c262800 JavaThread "Cache worker for file hash cache (C:\Users\1\.gradle\caches\5.6.4\fileHashes)" [_thread_blocked, id=9048, stack(0x000000c034700000,0x000000c034800000)]
  0x000001f94c263000 JavaThread "File lock request listener" [_thread_in_native, id=2792, stack(0x000000c034800000,0x000000c034900000)]
  0x000001f94c264000 JavaThread "Cache worker for journal cache (C:\Users\1\.gradle\caches\journal-1)" [_thread_blocked, id=6580, stack(0x000000c034900000,0x000000c034a00000)]
  0x000001f94c265000 JavaThread "Cache worker for file hash cache (C:\Users\1\IntelliJIDEAProjects\ModEngineBook\.gradle\5.6.4\fileHashes)" [_thread_blocked, id=1000, stack(0x000000c034a00000,0x000000c034b00000)]
  0x000001f94d5cc000 JavaThread "Cache worker for cache directory md-supplier (C:\Users\1\.gradle\caches\5.6.4\md-supplier)" [_thread_blocked, id=7808, stack(0x000000c034b00000,0x000000c034c00000)]
  0x000001f94d5cb000 JavaThread "Cache worker for cache directory md-rule (C:\Users\1\.gradle\caches\5.6.4\md-rule)" [_thread_blocked, id=7684, stack(0x000000c034c00000,0x000000c034d00000)]
  0x000001f94d5c8800 JavaThread "Cache worker for execution history cache (C:\Users\1\.gradle\caches\5.6.4\executionHistory)" [_thread_blocked, id=7456, stack(0x000000c034d00000,0x000000c034e00000)]
  0x000001f94d5cc800 JavaThread "Build operations" [_thread_blocked, id=9396, stack(0x000000c034f00000,0x000000c035000000)]
  0x000001f94d5cf000 JavaThread "Build operations Thread 2" [_thread_blocked, id=1412, stack(0x000000c035000000,0x000000c035100000)]
  0x000001f94d5c9800 JavaThread "Build operations Thread 3" [_thread_blocked, id=7892, stack(0x000000c035100000,0x000000c035200000)]
  0x000001f94d5d1800 JavaThread "Build operations Thread 4" [_thread_blocked, id=2256, stack(0x000000c035200000,0x000000c035300000)]
  0x000001f94d5d3000 JavaThread "Cache worker for Build Output Cleanup Cache (C:\Users\1\IntelliJIDEAProjects\ModEngineBook\.gradle\buildOutputCleanup)" [_thread_blocked, id=8060, stack(0x000000c034e00000,0x000000c034f00000)]
  0x000001f94cc85000 JavaThread "C2 CompilerThread1" daemon [_thread_blocked, id=1184, stack(0x000000c035300000,0x000000c035400000)]

Other Threads:
=>0x000001f93136c000 VMThread "VM Thread" [stack: 0x000000c032f00000,0x000000c033000000] [id=3380]
  0x000001f94ab6e800 WatcherThread [stack: 0x000000c033900000,0x000000c033a00000] [id=10104]
  0x000001f93129e000 GCTaskThread "GC Thread#0" [stack: 0x000000c032a00000,0x000000c032b00000] [id=6852]
  0x000001f94b249800 GCTaskThread "GC Thread#1" [stack: 0x000000c033a00000,0x000000c033b00000] [id=7896]
  0x000001f94c21e800 GCTaskThread "GC Thread#2" [stack: 0x000000c034500000,0x000000c034600000] [id=10204]
  0x000001f94bcca800 GCTaskThread "GC Thread#3" [stack: 0x000000c034600000,0x000000c034700000] [id=904]
  0x000001f9312c5800 ConcurrentGCThread "G1 Main Marker" [stack: 0x000000c032b00000,0x000000c032c00000] [id=5464]
  0x000001f9312c7800 ConcurrentGCThread "G1 Conc#0" [stack: 0x000000c032c00000,0x000000c032d00000] [id=6452]
  0x000001f931312000 ConcurrentGCThread "G1 Refine#0" [stack: 0x000000c032d00000,0x000000c032e00000] [id=7152]
  0x000001f931313000 ConcurrentGCThread "G1 Young RemSet Sampling" [stack: 0x000000c032e00000,0x000000c032f00000] [id=8528]

Threads with active compile tasks:
C2 CompilerThread0  28617 4794       4       org.objectweb.asm.Frame::getAbstractTypeFromDescriptor (415 bytes)
C2 CompilerThread1  28617 4636   !   4       java.util.jar.Attributes::read (388 bytes)

VM state:at safepoint (normal execution)

VM Mutex/Monitor currently owned by a thread:  ([mutex/lock_event])
[0x000001f931284090] Threads_lock - owner thread: 0x000001f93136c000
[0x000001f9312828f0] Heap_lock - owner thread: 0x000001f94b7fc800

Heap address: 0x00000000a0000000, size: 1536 MB, Compressed Oops mode: 32-bit
Narrow klass base: 0x0000000800000000, Narrow klass shift: 3
Compressed class space size: 1073741824 Address: 0x0000000840000000

Heap:
 garbage-first heap   total 92160K, used 59678K [0x00000000a0000000, 0x0000000100000000)
  region size 1024K, 1 young (1024K), 1 survivors (1024K)
 Metaspace       used 44218K, capacity 45576K, committed 45744K, reserved 1089536K
  class space    used 5930K, capacity 6323K, committed 6400K, reserved 1048576K
Heap Regions: E=young(eden), S=young(survivor), O=old, HS=humongous(starts), HC=humongous(continues), CS=collection set, F=free, A=archive, TAMS=top-at-mark-start (previous, next)
|   0|0x00000000a0000000, 0x00000000a0100000, 0x00000000a0100000|100%| O|  |TAMS 0x00000000a0100000, 0x00000000a0000000| Untracked 
|   1|0x00000000a0100000, 0x00000000a0200000, 0x00000000a0200000|100%| O|  |TAMS 0x00000000a0200000, 0x00000000a0100000| Untracked 
|   2|0x00000000a0200000, 0x00000000a0300000, 0x00000000a0300000|100%| O|  |TAMS 0x00000000a0300000, 0x00000000a0200000| Untracked 
|   3|0x00000000a0300000, 0x00000000a0400000, 0x00000000a0400000|100%|HS|  |TAMS 0x00000000a0400000, 0x00000000a0300000| Complete 
|   4|0x00000000a0400000, 0x00000000a0500000, 0x00000000a0500000|100%|HC|  |TAMS 0x00000000a0500000, 0x00000000a0400000| Complete 
|   5|0x00000000a0500000, 0x00000000a0600000, 0x00000000a0600000|100%|HC|  |TAMS 0x00000000a0600000, 0x00000000a0500000| Complete 
|   6|0x00000000a0600000, 0x00000000a0700000, 0x00000000a0700000|100%| O|  |TAMS 0x00000000a0700000, 0x00000000a0600000| Untracked 
|   7|0x00000000a0700000, 0x00000000a0800000, 0x00000000a0800000|100%| O|  |TAMS 0x00000000a0800000, 0x00000000a0700000| Untracked 
|   8|0x00000000a0800000, 0x00000000a0900000, 0x00000000a0900000|100%| O|  |TAMS 0x00000000a0900000, 0x00000000a0800000| Untracked 
|   9|0x00000000a0900000, 0x00000000a0a00000, 0x00000000a0a00000|100%| O|  |TAMS 0x00000000a0a00000, 0x00000000a0900000| Untracked 
|  10|0x00000000a0a00000, 0x00000000a0b00000, 0x00000000a0b00000|100%| O|  |TAMS 0x00000000a0b00000, 0x00000000a0a00000| Untracked 
|  11|0x00000000a0b00000, 0x00000000a0c00000, 0x00000000a0c00000|100%| O|  |TAMS 0x00000000a0c00000, 0x00000000a0b00000| Untracked 
|  12|0x00000000a0c00000, 0x00000000a0d00000, 0x00000000a0d00000|100%| O|  |TAMS 0x00000000a0d00000, 0x00000000a0c00000| Untracked 
|  13|0x00000000a0d00000, 0x00000000a0e00000, 0x00000000a0e00000|100%| O|  |TAMS 0x00000000a0e00000, 0x00000000a0d00000| Untracked 
|  14|0x00000000a0e00000, 0x00000000a0f00000, 0x00000000a0f00000|100%| O|  |TAMS 0x00000000a0f00000, 0x00000000a0e00000| Untracked 
|  15|0x00000000a0f00000, 0x00000000a1000000, 0x00000000a1000000|100%|HS|  |TAMS 0x00000000a1000000, 0x00000000a0f00000| Complete 
|  16|0x00000000a1000000, 0x00000000a1100000, 0x00000000a1100000|100%|HC|  |TAMS 0x00000000a1100000, 0x00000000a1000000| Complete 
|  17|0x00000000a1100000, 0x00000000a1200000, 0x00000000a1200000|100%|HS|  |TAMS 0x00000000a1200000, 0x00000000a1100000| Complete 
|  18|0x00000000a1200000, 0x00000000a1300000, 0x00000000a1300000|100%|HC|  |TAMS 0x00000000a1300000, 0x00000000a1200000| Complete 
|  19|0x00000000a1300000, 0x00000000a1400000, 0x00000000a1400000|100%|HC|  |TAMS 0x00000000a1400000, 0x00000000a1300000| Complete 
|  20|0x00000000a1400000, 0x00000000a1500000, 0x00000000a1500000|100%|HS|  |TAMS 0x00000000a1500000, 0x00000000a1400000| Complete 
|  21|0x00000000a1500000, 0x00000000a1600000, 0x00000000a1600000|100%|HC|  |TAMS 0x00000000a1600000, 0x00000000a1500000| Complete 
|  22|0x00000000a1600000, 0x00000000a1700000, 0x00000000a1700000|100%|HC|  |TAMS 0x00000000a1700000, 0x00000000a1600000| Complete 
|  23|0x00000000a1700000, 0x00000000a1800000, 0x00000000a1800000|100%|HC|  |TAMS 0x00000000a1800000, 0x00000000a1700000| Complete 
|  24|0x00000000a1800000, 0x00000000a1900000, 0x00000000a1900000|100%|HS|  |TAMS 0x00000000a1900000, 0x00000000a1800000| Complete 
|  25|0x00000000a1900000, 0x00000000a1a00000, 0x00000000a1a00000|100%|HC|  |TAMS 0x00000000a1a00000, 0x00000000a1900000| Complete 
|  26|0x00000000a1a00000, 0x00000000a1b00000, 0x00000000a1b00000|100%| O|  |TAMS 0x00000000a1b00000, 0x00000000a1a00000| Untracked 
|  27|0x00000000a1b00000, 0x00000000a1c00000, 0x00000000a1c00000|100%| O|  |TAMS 0x00000000a1c00000, 0x00000000a1b00000| Untracked 
|  28|0x00000000a1c00000, 0x00000000a1d00000, 0x00000000a1d00000|100%| O|  |TAMS 0x00000000a1d00000, 0x00000000a1c00000| Untracked 
|  29|0x00000000a1d00000, 0x00000000a1e00000, 0x00000000a1e00000|100%| O|  |TAMS 0x00000000a1e00000, 0x00000000a1d00000| Untracked 
|  30|0x00000000a1e00000, 0x00000000a1f00000, 0x00000000a1f00000|100%| O|  |TAMS 0x00000000a1f00000, 0x00000000a1e00000| Untracked 
|  31|0x00000000a1f00000, 0x00000000a2000000, 0x00000000a2000000|100%| O|  |TAMS 0x00000000a2000000, 0x00000000a1f00000| Untracked 
|  32|0x00000000a2000000, 0x00000000a2100000, 0x00000000a2100000|100%| O|  |TAMS 0x00000000a2100000, 0x00000000a2000000| Untracked 
|  33|0x00000000a2100000, 0x00000000a2200000, 0x00000000a2200000|100%| O|  |TAMS 0x00000000a2200000, 0x00000000a2100000| Untracked 
|  34|0x00000000a2200000, 0x00000000a2300000, 0x00000000a2300000|100%| O|  |TAMS 0x00000000a2300000, 0x00000000a2200000| Untracked 
|  35|0x00000000a2300000, 0x00000000a2400000, 0x00000000a2400000|100%| O|  |TAMS 0x00000000a2400000, 0x00000000a2300000| Untracked 
|  36|0x00000000a2400000, 0x00000000a2500000, 0x00000000a2500000|100%| O|  |TAMS 0x00000000a2500000, 0x00000000a2400000| Untracked 
|  37|0x00000000a2500000, 0x00000000a2600000, 0x00000000a2600000|100%| O|  |TAMS 0x00000000a2600000, 0x00000000a2500000| Untracked 
|  38|0x00000000a2600000, 0x00000000a2700000, 0x00000000a2700000|100%| O|  |TAMS 0x00000000a2700000, 0x00000000a2600000| Untracked 
|  39|0x00000000a2700000, 0x00000000a2800000, 0x00000000a2800000|100%| O|  |TAMS 0x00000000a2800000, 0x00000000a2700000| Untracked 
|  40|0x00000000a2800000, 0x00000000a2900000, 0x00000000a2900000|100%| O|  |TAMS 0x00000000a2900000, 0x00000000a2800000| Untracked 
|  41|0x00000000a2900000, 0x00000000a2a00000, 0x00000000a2a00000|100%| O|  |TAMS 0x00000000a2a00000, 0x00000000a2900000| Untracked 
|  42|0x00000000a2a00000, 0x00000000a2b00000, 0x00000000a2b00000|100%| O|  |TAMS 0x00000000a2b00000, 0x00000000a2a00000| Untracked 
|  43|0x00000000a2b00000, 0x00000000a2c00000, 0x00000000a2c00000|100%| O|  |TAMS 0x00000000a2c00000, 0x00000000a2b00000| Untracked 
|  44|0x00000000a2c00000, 0x00000000a2d00000, 0x00000000a2d00000|100%|HS|  |TAMS 0x00000000a2d00000, 0x00000000a2c00000| Complete 
|  45|0x00000000a2d00000, 0x00000000a2e00000, 0x00000000a2e00000|100%|HC|  |TAMS 0x00000000a2e00000, 0x00000000a2d00000| Complete 
|  46|0x00000000a2e00000, 0x00000000a2f00000, 0x00000000a2f00000|100%|HS|  |TAMS 0x00000000a2f00000, 0x00000000a2e00000| Complete 
|  47|0x00000000a2f00000, 0x00000000a3000000, 0x00000000a3000000|100%|HC|  |TAMS 0x00000000a3000000, 0x00000000a2f00000| Complete 
|  48|0x00000000a3000000, 0x00000000a3100000, 0x00000000a3100000|100%| O|  |TAMS 0x00000000a3100000, 0x00000000a3000000| Untracked 
|  49|0x00000000a3100000, 0x00000000a3200000, 0x00000000a3200000|100%| O|  |TAMS 0x00000000a3200000, 0x00000000a3100000| Untracked 
|  50|0x00000000a3200000, 0x00000000a3300000, 0x00000000a3300000|100%| O|  |TAMS 0x00000000a3300000, 0x00000000a3200000| Untracked 
|  51|0x00000000a3300000, 0x00000000a3400000, 0x00000000a3400000|100%| O|  |TAMS 0x00000000a3400000, 0x00000000a3300000| Untracked 
|  52|0x00000000a3400000, 0x00000000a3500000, 0x00000000a3500000|100%| O|  |TAMS 0x00000000a3500000, 0x00000000a3400000| Untracked 
|  53|0x00000000a3500000, 0x00000000a3600000, 0x00000000a3600000|100%| O|  |TAMS 0x00000000a3530c00, 0x00000000a3500000| Untracked 
|  54|0x00000000a3600000, 0x00000000a3700000, 0x00000000a3700000|100%| O|  |TAMS 0x00000000a3600000, 0x00000000a3600000| Untracked 
|  55|0x00000000a3700000, 0x00000000a3800000, 0x00000000a3800000|100%| O|  |TAMS 0x00000000a3700000, 0x00000000a3700000| Untracked 
|  56|0x00000000a3800000, 0x00000000a3900000, 0x00000000a3900000|100%| O|  |TAMS 0x00000000a3800000, 0x00000000a3800000| Untracked 
|  57|0x00000000a3900000, 0x00000000a39aa800, 0x00000000a3a00000| 66%| O|  |TAMS 0x00000000a3900000, 0x00000000a3900000| Untracked 
|  58|0x00000000a3a00000, 0x00000000a3a00000, 0x00000000a3b00000|  0%| F|  |TAMS 0x00000000a3a00000, 0x00000000a3a00000| Untracked 
|  59|0x00000000a3b00000, 0x00000000a3b00000, 0x00000000a3c00000|  0%| F|  |TAMS 0x00000000a3b00000, 0x00000000a3b00000| Untracked 
|  60|0x00000000a3c00000, 0x00000000a3c00000, 0x00000000a3d00000|  0%| F|  |TAMS 0x00000000a3c00000, 0x00000000a3c00000| Untracked 
|  61|0x00000000a3d00000, 0x00000000a3d00000, 0x00000000a3e00000|  0%| F|  |TAMS 0x00000000a3d00000, 0x00000000a3d00000| Untracked 
|  62|0x00000000a3e00000, 0x00000000a3e00000, 0x00000000a3f00000|  0%| F|  |TAMS 0x00000000a3e00000, 0x00000000a3e00000| Untracked 
|  63|0x00000000a3f00000, 0x00000000a3f00000, 0x00000000a4000000|  0%| F|  |TAMS 0x00000000a3f00000, 0x00000000a3f00000| Untracked 
|  64|0x00000000a4000000, 0x00000000a4000000, 0x00000000a4100000|  0%| F|  |TAMS 0x00000000a4000000, 0x00000000a4000000| Untracked 
|  65|0x00000000a4100000, 0x00000000a4100000, 0x00000000a4200000|  0%| F|  |TAMS 0x00000000a4100000, 0x00000000a4100000| Untracked 
|  66|0x00000000a4200000, 0x00000000a4200000, 0x00000000a4300000|  0%| F|  |TAMS 0x00000000a4200000, 0x00000000a4200000| Untracked 
|  67|0x00000000a4300000, 0x00000000a4300000, 0x00000000a4400000|  0%| F|  |TAMS 0x00000000a4300000, 0x00000000a4300000| Untracked 
|  68|0x00000000a4400000, 0x00000000a4400000, 0x00000000a4500000|  0%| F|  |TAMS 0x00000000a4400000, 0x00000000a4400000| Untracked 
|  69|0x00000000a4500000, 0x00000000a459d2d0, 0x00000000a4600000| 61%| S|CS|TAMS 0x00000000a4500000, 0x00000000a4500000| Complete 
|  70|0x00000000a4600000, 0x00000000a4600000, 0x00000000a4700000|  0%| F|  |TAMS 0x00000000a4600000, 0x00000000a4600000| Untracked 
|  71|0x00000000a4700000, 0x00000000a4700000, 0x00000000a4800000|  0%| F|  |TAMS 0x00000000a4700000, 0x00000000a4700000| Untracked 
|  72|0x00000000a4800000, 0x00000000a4800000, 0x00000000a4900000|  0%| F|  |TAMS 0x00000000a4800000, 0x00000000a4800000| Untracked 
|  73|0x00000000a4900000, 0x00000000a4900000, 0x00000000a4a00000|  0%| F|  |TAMS 0x00000000a4900000, 0x00000000a4900000| Untracked 
|  74|0x00000000a4a00000, 0x00000000a4a00000, 0x00000000a4b00000|  0%| F|  |TAMS 0x00000000a4a00000, 0x00000000a4a00000| Untracked 

Card table byte_map: [0x000001f944680000,0x000001f944980000] _byte_map_base: 0x000001f944180000

Marking Bits (Prev, Next): (CMBitMap*) 0x000001f9312be840, (CMBitMap*) 0x000001f9312be808
 Prev Bits: [0x000001f946480000, 0x000001f947c80000)
 Next Bits: [0x000001f944c80000, 0x000001f946480000)

Polling page: 0x000001f92f1b0000

Metaspace:

Usage:
  Non-class:     38.33 MB capacity,    37.39 MB ( 98%) used,   879.28 KB (  2%) free+waste,    85.56 KB ( <1%) overhead. 
      Class:      6.17 MB capacity,     5.79 MB ( 94%) used,   351.39 KB (  6%) free+waste,    41.38 KB ( <1%) overhead. 
       Both:     44.51 MB capacity,    43.18 MB ( 97%) used,     1.20 MB (  3%) free+waste,   126.94 KB ( <1%) overhead. 

Virtual space:
  Non-class space:       40.00 MB reserved,      38.42 MB ( 96%) committed 
      Class space:        1.00 GB reserved,       6.25 MB ( <1%) committed 
             Both:        1.04 GB reserved,      44.67 MB (  4%) committed 

Chunk freelists:
   Non-Class:  27.00 KB
       Class:  13.00 KB
        Both:  40.00 KB

MaxMetaspaceSize: 17179869184.00 GB
CompressedClassSpaceSize: 1.00 GB

CodeHeap 'non-profiled nmethods': size=120064Kb used=2736Kb max_used=2736Kb free=117327Kb
 bounds [0x000001f93ce40000, 0x000001f93d0f0000, 0x000001f944380000]
CodeHeap 'profiled nmethods': size=120000Kb used=10113Kb max_used=10113Kb free=109886Kb
 bounds [0x000001f935910000, 0x000001f936300000, 0x000001f93ce40000]
CodeHeap 'non-nmethods': size=5696Kb used=2247Kb max_used=2269Kb free=3448Kb
 bounds [0x000001f935380000, 0x000001f9355f0000, 0x000001f935910000]
 total_blobs=7053 nmethods=4544 adapters=730
 compilation: enabled
              stopped_count=0, restarted_count=0
 full_count=0

Compilation events (20 events):
Event: 28.498 Thread 0x000001f94a0fd800 4787       3       org.gradle.internal.instantiation.AsmBackedClassGenerator$ClassBuilderImpl::applyConventionMappingToGetter (349 bytes)
Event: 28.502 Thread 0x000001f94a0fd800 nmethod 4787 0x000001f9362ec090 code [0x000001f9362ec560, 0x000001f9362ee670]
Event: 28.502 Thread 0x000001f94a0fd800 4788       3       org.gradle.internal.instantiation.AsmBackedClassGenerator$ClassBuilderImpl::maybeBox (49 bytes)
Event: 28.503 Thread 0x000001f94a0fd800 nmethod 4788 0x000001f9362ef210 code [0x000001f9362ef440, 0x000001f9362efad0]
Event: 28.504 Thread 0x000001f94a0fd800 4789       3       org.gradle.internal.instantiation.AsmBackedClassGenerator$ClassBuilderImpl::unboxOrCast (125 bytes)
Event: 28.508 Thread 0x000001f94a0f6800 nmethod 4786 0x000001f93d0ead90 code [0x000001f93d0eaf40, 0x000001f93d0eb438]
Event: 28.508 Thread 0x000001f94a0f6800 4791       4       java.lang.AbstractStringBuilder::appendChars (133 bytes)
Event: 28.508 Thread 0x000001f94a0fd800 nmethod 4789 0x000001f9362efd10 code [0x000001f9362f0160, 0x000001f9362f1d30]
Event: 28.508 Thread 0x000001f94a0fd800 4784  s    3       java.io.ByteArrayOutputStream::writeTo (14 bytes)
Event: 28.509 Thread 0x000001f94a0fd800 nmethod 4784 0x000001f9362f2790 code [0x000001f9362f2960, 0x000001f9362f2d70]
Event: 28.515 Thread 0x000001f94a0fd800 4793       3       java.security.CodeSource::getCertificates (98 bytes)
Event: 28.516 Thread 0x000001f94a0fd800 nmethod 4793 0x000001f9362f2e90 code [0x000001f9362f3100, 0x000001f9362f3d90]
Event: 28.518 Thread 0x000001f94a0f6800 nmethod 4791 0x000001f93d0eb710 code [0x000001f93d0eb8c0, 0x000001f93d0ebb58]
Event: 28.518 Thread 0x000001f94a0f6800 4790       4       org.objectweb.asm.MethodWriter::visitCode (1 bytes)
Event: 28.518 Thread 0x000001f94a0f6800 nmethod 4790 0x000001f93d0ebd10 code [0x000001f93d0ebea0, 0x000001f93d0ebf18]
Event: 28.518 Thread 0x000001f94a0f6800 4792       4       com.google.common.collect.MapMakerInternalMap$1::clear (1 bytes)
Event: 28.519 Thread 0x000001f94a0f6800 nmethod 4792 0x000001f93d0ebf90 code [0x000001f93d0ec120, 0x000001f93d0ec198]
Event: 28.527 Thread 0x000001f94a0f6800 4794       4       org.objectweb.asm.Frame::getAbstractTypeFromDescriptor (415 bytes)
Event: 28.540 Thread 0x000001f94a0fd800 4797       3       org.gradle.internal.instantiation.AbstractClassGenerator$ClassGenerationHandler::hasFields (1 bytes)
Event: 28.540 Thread 0x000001f94a0fd800 nmethod 4797 0x000001f9362f4090 code [0x000001f9362f4240, 0x000001f9362f43b8]

GC Heap History (20 events):
Event: 21.937 GC heap after
{Heap after GC invocations=26 (full 0):
 garbage-first heap   total 63488K, used 42905K [0x00000000a0000000, 0x0000000100000000)
  region size 1024K, 2 young (2048K), 2 survivors (2048K)
 Metaspace       used 34567K, capacity 35621K, committed 35760K, reserved 1079296K
  class space    used 4758K, capacity 5054K, committed 5120K, reserved 1048576K
}
Event: 22.966 GC heap before
{Heap before GC invocations=27 (full 0):
 garbage-first heap   total 63488K, used 52121K [0x00000000a0000000, 0x0000000100000000)
  region size 1024K, 11 young (11264K), 2 survivors (2048K)
 Metaspace       used 35067K, capacity 36137K, committed 36400K, reserved 1081344K
  class space    used 4807K, capacity 5141K, committed 5248K, reserved 1048576K
}
Event: 22.973 GC heap after
{Heap after GC invocations=28 (full 0):
 garbage-first heap   total 63488K, used 43462K [0x00000000a0000000, 0x0000000100000000)
  region size 1024K, 2 young (2048K), 2 survivors (2048K)
 Metaspace       used 35067K, capacity 36137K, committed 36400K, reserved 1081344K
  class space    used 4807K, capacity 5141K, committed 5248K, reserved 1048576K
}
Event: 23.624 GC heap before
{Heap before GC invocations=28 (full 0):
 garbage-first heap   total 63488K, used 51654K [0x00000000a0000000, 0x0000000100000000)
  region size 1024K, 11 young (11264K), 2 survivors (2048K)
 Metaspace       used 35486K, capacity 36623K, committed 36912K, reserved 1081344K
  class space    used 4863K, capacity 5195K, committed 5248K, reserved 1048576K
}
Event: 23.635 GC heap after
{Heap after GC invocations=29 (full 0):
 garbage-first heap   total 76800K, used 46560K [0x00000000a0000000, 0x0000000100000000)
  region size 1024K, 2 young (2048K), 2 survivors (2048K)
 Metaspace       used 35486K, capacity 36623K, committed 36912K, reserved 1081344K
  class space    used 4863K, capacity 5195K, committed 5248K, reserved 1048576K
}
Event: 24.629 GC heap before
{Heap before GC invocations=30 (full 0):
 garbage-first heap   total 76800K, used 62944K [0x00000000a0000000, 0x0000000100000000)
  region size 1024K, 15 young (15360K), 2 survivors (2048K)
 Metaspace       used 36464K, capacity 37644K, committed 37808K, reserved 1081344K
  class space    used 4995K, capacity 5342K, committed 5376K, reserved 1048576K
}
Event: 24.635 GC heap after
{Heap after GC invocations=31 (full 0):
 garbage-first heap   total 76800K, used 53834K [0x00000000a0000000, 0x0000000100000000)
  region size 1024K, 2 young (2048K), 2 survivors (2048K)
 Metaspace       used 36464K, capacity 37644K, committed 37808K, reserved 1081344K
  class space    used 4995K, capacity 5342K, committed 5376K, reserved 1048576K
}
Event: 25.415 GC heap before
{Heap before GC invocations=31 (full 0):
 garbage-first heap   total 76800K, used 63050K [0x00000000a0000000, 0x0000000100000000)
  region size 1024K, 11 young (11264K), 2 survivors (2048K)
 Metaspace       used 38707K, capacity 39942K, committed 40112K, reserved 1083392K
  class space    used 5272K, capacity 5616K, committed 5632K, reserved 1048576K
}
Event: 25.422 GC heap after
{Heap after GC invocations=32 (full 0):
 garbage-first heap   total 76800K, used 54579K [0x00000000a0000000, 0x0000000100000000)
  region size 1024K, 1 young (1024K), 1 survivors (1024K)
 Metaspace       used 38707K, capacity 39942K, committed 40112K, reserved 1083392K
  class space    used 5272K, capacity 5616K, committed 5632K, reserved 1048576K
}
Event: 26.201 GC heap before
{Heap before GC invocations=33 (full 0):
 garbage-first heap   total 76800K, used 62771K [0x00000000a0000000, 0x0000000100000000)
  region size 1024K, 9 young (9216K), 1 survivors (1024K)
 Metaspace       used 40058K, capacity 41321K, committed 41648K, reserved 1085440K
  class space    used 5424K, capacity 5777K, committed 5888K, reserved 1048576K
}
Event: 26.205 GC heap after
{Heap after GC invocations=34 (full 0):
 garbage-first heap   total 76800K, used 54677K [0x00000000a0000000, 0x0000000100000000)
  region size 1024K, 1 young (1024K), 1 survivors (1024K)
 Metaspace       used 40058K, capacity 41321K, committed 41648K, reserved 1085440K
  class space    used 5424K, capacity 5777K, committed 5888K, reserved 1048576K
}
Event: 26.836 GC heap before
{Heap before GC invocations=34 (full 0):
 garbage-first heap   total 76800K, used 61845K [0x00000000a0000000, 0x0000000100000000)
  region size 1024K, 9 young (9216K), 1 survivors (1024K)
 Metaspace       used 41441K, capacity 42681K, committed 42800K, reserved 1085440K
  class space    used 5554K, capacity 5911K, committed 6016K, reserved 1048576K
}
Event: 26.841 GC heap after
{Heap after GC invocations=35 (full 0):
 garbage-first heap   total 76800K, used 54967K [0x00000000a0000000, 0x0000000100000000)
  region size 1024K, 2 young (2048K), 2 survivors (2048K)
 Metaspace       used 41441K, capacity 42681K, committed 42800K, reserved 1085440K
  class space    used 5554K, capacity 5911K, committed 6016K, reserved 1048576K
}
Event: 27.396 GC heap before
{Heap before GC invocations=36 (full 0):
 garbage-first heap   total 76800K, used 63159K [0x00000000a0000000, 0x0000000100000000)
  region size 1024K, 10 young (10240K), 2 survivors (2048K)
 Metaspace       used 42223K, capacity 43537K, committed 43696K, reserved 1087488K
  class space    used 5688K, capacity 6092K, committed 6144K, reserved 1048576K
}
Event: 27.404 GC heap after
{Heap after GC invocations=37 (full 0):
 garbage-first heap   total 76800K, used 55273K [0x00000000a0000000, 0x0000000100000000)
  region size 1024K, 1 young (1024K), 1 survivors (1024K)
 Metaspace       used 42223K, capacity 43537K, committed 43696K, reserved 1087488K
  class space    used 5688K, capacity 6092K, committed 6144K, reserved 1048576K
}
Event: 28.081 GC heap before
{Heap before GC invocations=37 (full 0):
 garbage-first heap   total 76800K, used 62441K [0x00000000a0000000, 0x0000000100000000)
  region size 1024K, 9 young (9216K), 1 survivors (1024K)
 Metaspace       used 43849K, capacity 45160K, committed 45488K, reserved 1089536K
  class space    used 5876K, capacity 6291K, committed 6400K, reserved 1048576K
}
Event: 28.086 GC heap after
{Heap after GC invocations=38 (full 0):
 garbage-first heap   total 76800K, used 56360K [0x00000000a0000000, 0x0000000100000000)
  region size 1024K, 2 young (2048K), 2 survivors (2048K)
 Metaspace       used 43849K, capacity 45160K, committed 45488K, reserved 1089536K
  class space    used 5876K, capacity 6291K, committed 6400K, reserved 1048576K
}
Event: 28.201 GC heap before
{Heap before GC invocations=38 (full 0):
 garbage-first heap   total 76800K, used 62504K [0x00000000a0000000, 0x0000000100000000)
  region size 1024K, 9 young (9216K), 2 survivors (2048K)
 Metaspace       used 43860K, capacity 45160K, committed 45488K, reserved 1089536K
  class space    used 5876K, capacity 6291K, committed 6400K, reserved 1048576K
}
Event: 28.211 GC heap after
{Heap after GC invocations=39 (full 0):
 garbage-first heap   total 76800K, used 59141K [0x00000000a0000000, 0x0000000100000000)
  region size 1024K, 2 young (2048K), 2 survivors (2048K)
 Metaspace       used 43860K, capacity 45160K, committed 45488K, reserved 1089536K
  class space    used 5876K, capacity 6291K, committed 6400K, reserved 1048576K
}
Event: 28.548 GC heap before
{Heap before GC invocations=40 (full 0):
 garbage-first heap   total 76800K, used 64261K [0x00000000a0000000, 0x0000000100000000)
  region size 1024K, 7 young (7168K), 2 survivors (2048K)
 Metaspace       used 44218K, capacity 45576K, committed 45744K, reserved 1089536K
  class space    used 5930K, capacity 6323K, committed 6400K, reserved 1048576K
}

Deoptimization events (20 events):
Event: 28.346 Thread 0x000001f94b7fc800 DEOPT PACKING pc=0x000001f9362c3448 sp=0x000000c0341f4f40
Event: 28.346 Thread 0x000001f94b7fc800 DEOPT UNPACKING pc=0x000001f9353a84bf sp=0x000000c0341f43f8 mode 0
Event: 28.349 Thread 0x000001f94b7fc800 DEOPT PACKING pc=0x000001f9362c3448 sp=0x000000c0341f4f40
Event: 28.349 Thread 0x000001f94b7fc800 DEOPT UNPACKING pc=0x000001f9353a84bf sp=0x000000c0341f43f8 mode 0
Event: 28.349 Thread 0x000001f94b7fc800 DEOPT PACKING pc=0x000001f9362c3448 sp=0x000000c0341f4f40
Event: 28.349 Thread 0x000001f94b7fc800 DEOPT UNPACKING pc=0x000001f9353a84bf sp=0x000000c0341f43f8 mode 0
Event: 28.350 Thread 0x000001f94b7fc800 DEOPT PACKING pc=0x000001f9362c3448 sp=0x000000c0341f4f40
Event: 28.350 Thread 0x000001f94b7fc800 DEOPT UNPACKING pc=0x000001f9353a84bf sp=0x000000c0341f43f8 mode 0
Event: 28.358 Thread 0x000001f94b7fc800 DEOPT PACKING pc=0x000001f9362c3448 sp=0x000000c0341f5220
Event: 28.358 Thread 0x000001f94b7fc800 DEOPT UNPACKING pc=0x000001f9353a84bf sp=0x000000c0341f46d8 mode 0
Event: 28.360 Thread 0x000001f94b7fc800 Uncommon trap: trap_request=0xffffff4d fr.pc=0x000001f93ce6f454 relative=0x00000000000000b4
Event: 28.360 Thread 0x000001f94b7fc800 Uncommon trap: reason=unstable_if action=reinterpret pc=0x000001f93ce6f454 method=java.security.CodeSource.matchCerts(Ljava/security/CodeSource;Z)Z @ 11 c2
Event: 28.360 Thread 0x000001f94b7fc800 DEOPT PACKING pc=0x000001f93ce6f454 sp=0x000000c0341f2160
Event: 28.360 Thread 0x000001f94b7fc800 DEOPT UNPACKING pc=0x000001f9353a86a9 sp=0x000000c0341f20f8 mode 2
Event: 28.489 Thread 0x000001f94b7fc800 Uncommon trap: trap_request=0xffffff45 fr.pc=0x000001f93cf9d55c relative=0x0000000000000cbc
Event: 28.489 Thread 0x000001f94b7fc800 Uncommon trap: reason=unstable_fused_if action=reinterpret pc=0x000001f93cf9d55c method=org.objectweb.asm.ByteVector.putUTF8(Ljava/lang/String;)Lorg/objectweb/asm/ByteVector; @ 93 c2
Event: 28.489 Thread 0x000001f94b7fc800 DEOPT PACKING pc=0x000001f93cf9d55c sp=0x000000c0341f8d30
Event: 28.489 Thread 0x000001f94b7fc800 DEOPT UNPACKING pc=0x000001f9353a86a9 sp=0x000000c0341f8c88 mode 2
Event: 28.521 Thread 0x000001f94b7fc800 DEOPT PACKING pc=0x000001f9362b899b sp=0x000000c0341f7e90
Event: 28.521 Thread 0x000001f94b7fc800 DEOPT UNPACKING pc=0x000001f9353a84bf sp=0x000000c0341f7300 mode 0

Classes redefined (0 events):
No events

Internal exceptions (20 events):
Event: 23.900 Thread 0x000001f94b7fc800 Exception <a 'java/lang/ClassNotFoundException'{0x00000000a46a8290}: org/gradle/api/internal/AbstractTaskBeanInfo> (0x00000000a46a8290) thrown at [c:/BuildAgent/work/1eae4dac1d648407/src/hotspot/share/classfile/systemDictionary.cpp, line 231]
Event: 23.903 Thread 0x000001f94b7fc800 Exception <a 'java/lang/ClassNotFoundException'{0x00000000a46c9918}: org/gradle/api/internal/AbstractTaskCustomizer> (0x00000000a46c9918) thrown at [c:/BuildAgent/work/1eae4dac1d648407/src/hotspot/share/classfile/systemDictionary.cpp, line 231]
Event: 23.915 Thread 0x000001f94b7fc800 Exception <a 'java/lang/ClassNotFoundException'{0x00000000a4526cd0}: org/gradle/api/DefaultTaskCustomizer> (0x00000000a4526cd0) thrown at [c:/BuildAgent/work/1eae4dac1d648407/src/hotspot/share/classfile/systemDictionary.cpp, line 231]
Event: 23.919 Thread 0x000001f94b7fc800 Exception <a 'java/lang/ClassNotFoundException'{0x00000000a4552af8}: org/gradle/api/internal/ConventionTaskCustomizer> (0x00000000a4552af8) thrown at [c:/BuildAgent/work/1eae4dac1d648407/src/hotspot/share/classfile/systemDictionary.cpp, line 231]
Event: 23.924 Thread 0x000001f94b7fc800 Exception <a 'java/lang/ClassNotFoundException'{0x00000000a457f5e0}: org/gradle/api/tasks/DeleteCustomizer> (0x00000000a457f5e0) thrown at [c:/BuildAgent/work/1eae4dac1d648407/src/hotspot/share/classfile/systemDictionary.cpp, line 231]
Event: 23.929 Thread 0x000001f94b7fc800 Exception <a 'java/lang/ClassNotFoundException'{0x00000000a45b26e0}: org/gradle/api/tasks/Delete_DecoratedCustomizer> (0x00000000a45b26e0) thrown at [c:/BuildAgent/work/1eae4dac1d648407/src/hotspot/share/classfile/systemDictionary.cpp, line 231]
Event: 24.027 Thread 0x000001f94b7fc800 Exception <a 'java/lang/ClassNotFoundException'{0x00000000a447a2f0}: build_exz2u31w0629x3vob7i1sjf6xBeanInfo> (0x00000000a447a2f0) thrown at [c:/BuildAgent/work/1eae4dac1d648407/src/hotspot/share/classfile/systemDictionary.cpp, line 231]
Event: 24.028 Thread 0x000001f94b7fc800 Exception <a 'java/lang/ClassNotFoundException'{0x00000000a4483348}: build_exz2u31w0629x3vob7i1sjf6xCustomizer> (0x00000000a4483348) thrown at [c:/BuildAgent/work/1eae4dac1d648407/src/hotspot/share/classfile/systemDictionary.cpp, line 231]
Event: 24.416 Thread 0x000001f94b7fc800 Exception <a 'java/lang/NoSuchMethodError'{0x00000000a3f1ff18}: 'void java.lang.invoke.DirectMethodHandle$Holder.invokeStatic(java.lang.Object, java.lang.Object, java.lang.Object, java.lang.Object, java.lang.Object)'> (0x00000000a3f1ff18) thrown at [c:/Bu
Event: 24.880 Thread 0x000001f94b7fc800 Exception <a 'java/lang/IncompatibleClassChangeError'{0x00000000a49ee948}: Found class java.lang.Object, but interface was expected> (0x00000000a49ee948) thrown at [c:/BuildAgent/work/1eae4dac1d648407/src/hotspot/share/interpreter/linkResolver.cpp, line 8
Event: 25.069 Thread 0x000001f94b7fc800 Implicit null exception at 0x000001f93d09f632 to 0x000001f93d0a1632
Event: 25.069 Thread 0x000001f94b7fc800 Implicit null exception at 0x000001f93d0052b3 to 0x000001f93d00911a
Event: 25.143 Thread 0x000001f94b7fc800 Exception <a 'java/lang/NoSuchMethodError'{0x00000000a47fb120}: 'void java.lang.invoke.DirectMethodHandle$Holder.invokeInterface(java.lang.Object, java.lang.Object)'> (0x00000000a47fb120) thrown at [c:/BuildAgent/work/1eae4dac1d648407/src/hotspot/share/in
Event: 26.703 Thread 0x000001f94b7fc800 Exception <a 'java/lang/NoSuchMethodError'{0x00000000a44b8738}: 'void java.lang.invoke.DirectMethodHandle$Holder.invokeSpecial(java.lang.Object, java.lang.Object)'> (0x00000000a44b8738) thrown at [c:/BuildAgent/work/1eae4dac1d648407/src/hotspot/share/inte
Event: 27.166 Thread 0x000001f94b7fc800 Exception <a 'java/lang/NoSuchMethodError'{0x00000000a479d600}: 'java.lang.Object java.lang.invoke.DirectMethodHandle$Holder.invokeSpecial(java.lang.Object, java.lang.Object, java.lang.Object, java.lang.Object, java.lang.Object, java.lang.Object, java.lan
Event: 27.168 Thread 0x000001f94b7fc800 Exception <a 'java/lang/NoSuchMethodError'{0x00000000a47b49b8}: 'java.lang.Object java.lang.invoke.DirectMethodHandle$Holder.invokeSpecial(java.lang.Object, java.lang.Object, java.lang.Object, java.lang.Object, java.lang.Object, java.lang.Object, java.lan
Event: 27.169 Thread 0x000001f94b7fc800 Exception <a 'java/lang/NoSuchMethodError'{0x00000000a47b9d88}: 'java.lang.Object java.lang.invoke.Invokers$Holder.invoker(java.lang.Object, java.lang.Object, java.lang.Object, java.lang.Object, java.lang.Object, java.lang.Object, java.lang.Object, java.l
Event: 27.224 Thread 0x000001f94b7fc800 Exception <a 'java/lang/NoSuchMethodError'{0x00000000a47fa638}: 'java.lang.Object java.lang.invoke.DirectMethodHandle$Holder.invokeStatic(java.lang.Object, java.lang.Object, java.lang.Object, java.lang.Object, java.lang.Object, java.lang.Object, java.lang
Event: 27.229 Thread 0x000001f94b7fc800 Exception <a 'java/lang/NoSuchMethodError'{0x00000000a46098d8}: 'java.lang.Object java.lang.invoke.DirectMethodHandle$Holder.invokeStatic(java.lang.Object, java.lang.Object, java.lang.Object, java.lang.Object, java.lang.Object, java.lang.Object, java.lang
Event: 27.706 Thread 0x000001f94b7fc800 Implicit null exception at 0x000001f93ceb601b to 0x000001f93ceb60f6

Events (20 events):
Event: 28.520 loading class com/android/builder/core/DefaultProductFlavor$DimensionRequest done
Event: 28.524 loading class org/gradle/api/logging/Logger
Event: 28.524 loading class org/gradle/api/logging/Logger done
Event: 28.525 loading class com/android/build/gradle/internal/dsl/ShaderOptions
Event: 28.525 loading class com/android/build/gradle/internal/dsl/ShaderOptions done
Event: 28.537 loading class org/gradle/internal/instantiation/AsmBackedClassGenerator
Event: 28.537 loading class org/gradle/internal/instantiation/AsmBackedClassGenerator done
Event: 28.539 loading class org/gradle/api/tasks/Input
Event: 28.539 loading class org/gradle/api/tasks/Input done
Event: 28.539 loading class org/gradle/api/tasks/Optional
Event: 28.539 loading class org/gradle/api/tasks/Optional done
Event: 28.543 loading class com/android/build/gradle/internal/dsl/CoreExternalNativeNdkBuildOptions
Event: 28.543 loading class com/android/build/gradle/internal/dsl/CoreExternalNativeNdkBuildOptions done
Event: 28.544 loading class com/android/build/gradle/internal/dsl/CoreExternalNativeCmakeOptions
Event: 28.544 loading class com/android/build/gradle/internal/dsl/CoreExternalNativeCmakeOptions done
Event: 28.545 loading class com/android/build/gradle/internal/dsl/ExternalNativeCmakeOptions
Event: 28.545 loading class com/android/build/gradle/internal/dsl/ExternalNativeCmakeOptions done
Event: 28.546 loading class com/android/build/gradle/internal/dsl/ExternalNativeNdkBuildOptions
Event: 28.546 loading class com/android/build/gradle/internal/dsl/ExternalNativeNdkBuildOptions done
Event: 28.547 Executing VM operation: G1CollectForAllocation


Dynamic libraries:
0x00007ff755b40000 - 0x00007ff755b4a000 	C:\Program Files\JetBrains\IntelliJ IDEA Community Edition 2020.1\jbr\bin\java.exe
0x00007ff8492b0000 - 0x00007ff8494a4000 	C:\WINDOWS\SYSTEM32\ntdll.dll
0x00007ff848000000 - 0x00007ff8480bd000 	C:\WINDOWS\System32\KERNEL32.DLL
0x00007ff846bc0000 - 0x00007ff846e87000 	C:\WINDOWS\System32\KERNELBASE.dll
0x00007ff846f70000 - 0x00007ff847070000 	C:\WINDOWS\System32\ucrtbase.dll
0x00007ff83de30000 - 0x00007ff83de47000 	C:\Program Files\JetBrains\IntelliJ IDEA Community Edition 2020.1\jbr\bin\VCRUNTIME140.dll
0x00007ff83deb0000 - 0x00007ff83dec9000 	C:\Program Files\JetBrains\IntelliJ IDEA Community Edition 2020.1\jbr\bin\jli.dll
0x00007ff847df0000 - 0x00007ff847f90000 	C:\WINDOWS\System32\USER32.dll
0x00007ff846f40000 - 0x00007ff846f62000 	C:\WINDOWS\System32\win32u.dll
0x00007ff833210000 - 0x00007ff8334aa000 	C:\WINDOWS\WinSxS\amd64_microsoft.windows.common-controls_6595b64144ccf1df_6.0.19041.1_none_b555e41d4684ddec\COMCTL32.dll
0x00007ff847420000 - 0x00007ff84744a000 	C:\WINDOWS\System32\GDI32.dll
0x00007ff8480c0000 - 0x00007ff84815e000 	C:\WINDOWS\System32\msvcrt.dll
0x00007ff847070000 - 0x00007ff84717a000 	C:\WINDOWS\System32\gdi32full.dll
0x00007ff846a70000 - 0x00007ff846b0d000 	C:\WINDOWS\System32\msvcp_win.dll
0x00007ff8478f0000 - 0x00007ff847920000 	C:\WINDOWS\System32\IMM32.DLL
0x00007ff8317f0000 - 0x00007ff83188d000 	C:\Program Files\JetBrains\IntelliJ IDEA Community Edition 2020.1\jbr\bin\msvcp140.dll
0x00007ff819220000 - 0x00007ff819cdd000 	C:\Program Files\JetBrains\IntelliJ IDEA Community Edition 2020.1\jbr\bin\server\jvm.dll
0x00007ff847310000 - 0x00007ff8473ba000 	C:\WINDOWS\System32\ADVAPI32.dll
0x00007ff8479b0000 - 0x00007ff847a4b000 	C:\WINDOWS\System32\sechost.dll
0x00007ff8477b0000 - 0x00007ff8478d3000 	C:\WINDOWS\System32\RPCRT4.dll
0x00007ff8478e0000 - 0x00007ff8478e8000 	C:\WINDOWS\System32\PSAPI.DLL
0x00007ff842490000 - 0x00007ff842499000 	C:\WINDOWS\SYSTEM32\WSOCK32.dll
0x00007ff835f50000 - 0x00007ff835f77000 	C:\WINDOWS\SYSTEM32\WINMM.dll
0x00007ff835c40000 - 0x00007ff835c4a000 	C:\WINDOWS\SYSTEM32\VERSION.dll
0x00007ff847f90000 - 0x00007ff847ffb000 	C:\WINDOWS\System32\WS2_32.dll
0x00007ff844870000 - 0x00007ff844883000 	C:\WINDOWS\SYSTEM32\kernel.appcore.dll
0x00007ff83e700000 - 0x00007ff83e711000 	C:\Program Files\JetBrains\IntelliJ IDEA Community Edition 2020.1\jbr\bin\verify.dll
0x00007ff8351e0000 - 0x00007ff8353c4000 	C:\WINDOWS\SYSTEM32\DBGHELP.DLL
0x00007ff834790000 - 0x00007ff8347bc000 	C:\WINDOWS\SYSTEM32\dbgcore.DLL
0x00007ff8469f0000 - 0x00007ff846a6f000 	C:\WINDOWS\System32\bcryptPrimitives.dll
0x00007ff83e6d0000 - 0x00007ff83e6f9000 	C:\Program Files\JetBrains\IntelliJ IDEA Community Edition 2020.1\jbr\bin\java.dll
0x00007ff83e6b0000 - 0x00007ff83e6c8000 	C:\Program Files\JetBrains\IntelliJ IDEA Community Edition 2020.1\jbr\bin\zip.dll
0x00007ff840210000 - 0x00007ff84021b000 	C:\Program Files\JetBrains\IntelliJ IDEA Community Edition 2020.1\jbr\bin\jimage.dll
0x00007ff8486c0000 - 0x00007ff848df1000 	C:\WINDOWS\System32\SHELL32.dll
0x00007ff844b80000 - 0x00007ff84530a000 	C:\WINDOWS\SYSTEM32\windows.storage.dll
0x00007ff848360000 - 0x00007ff8486b4000 	C:\WINDOWS\System32\combase.dll
0x00007ff846390000 - 0x00007ff8463bb000 	C:\WINDOWS\SYSTEM32\Wldp.dll
0x00007ff847d40000 - 0x00007ff847dee000 	C:\WINDOWS\System32\SHCORE.dll
0x00007ff847530000 - 0x00007ff847585000 	C:\WINDOWS\System32\shlwapi.dll
0x00007ff846930000 - 0x00007ff84694f000 	C:\WINDOWS\SYSTEM32\profapi.dll
0x00007ff83e690000 - 0x00007ff83e6aa000 	C:\Program Files\JetBrains\IntelliJ IDEA Community Edition 2020.1\jbr\bin\net.dll
0x00007ff83f5b0000 - 0x00007ff83f6b2000 	C:\WINDOWS\SYSTEM32\WINHTTP.dll
0x00007ff846120000 - 0x00007ff84618a000 	C:\WINDOWS\system32\mswsock.dll
0x00007ff83e0d0000 - 0x00007ff83e0e4000 	C:\Program Files\JetBrains\IntelliJ IDEA Community Edition 2020.1\jbr\bin\nio.dll
0x00007ff837ac0000 - 0x00007ff837ae6000 	C:\Users\1\.gradle\native\30\windows-amd64\native-platform.dll
0x00007ff840080000 - 0x00007ff84008a000 	C:\Program Files\JetBrains\IntelliJ IDEA Community Edition 2020.1\jbr\bin\management.dll
0x00007ff83ff60000 - 0x00007ff83ff6c000 	C:\Program Files\JetBrains\IntelliJ IDEA Community Edition 2020.1\jbr\bin\management_ext.dll
0x00007ff8462f0000 - 0x00007ff846308000 	C:\WINDOWS\SYSTEM32\CRYPTSP.dll
0x00007ff845ab0000 - 0x00007ff845ae4000 	C:\WINDOWS\system32\rsaenh.dll
0x00007ff847180000 - 0x00007ff8471a7000 	C:\WINDOWS\System32\bcrypt.dll
0x00007ff8468b0000 - 0x00007ff8468de000 	C:\WINDOWS\SYSTEM32\USERENV.dll
0x00007ff846830000 - 0x00007ff84683c000 	C:\WINDOWS\SYSTEM32\CRYPTBASE.dll
0x00007ff845e10000 - 0x00007ff845e4b000 	C:\WINDOWS\SYSTEM32\IPHLPAPI.DLL
0x00007ff8477a0000 - 0x00007ff8477a9000 	C:\WINDOWS\System32\NSI.dll
0x00007ff83d4f0000 - 0x00007ff83d507000 	C:\WINDOWS\SYSTEM32\dhcpcsvc6.DLL
0x00007ff83fa70000 - 0x00007ff83fa8d000 	C:\WINDOWS\SYSTEM32\dhcpcsvc.DLL
0x00007ff845e50000 - 0x00007ff845f1a000 	C:\WINDOWS\SYSTEM32\DNSAPI.dll

dbghelp: loaded successfully - version: 4.0.5 - missing functions: none
symbol engine: initialized successfully - sym options: 0x614 - pdb path: .;C:\Program Files\JetBrains\IntelliJ IDEA Community Edition 2020.1\jbr\bin;C:\WINDOWS\SYSTEM32;C:\WINDOWS\WinSxS\amd64_microsoft.windows.common-controls_6595b64144ccf1df_6.0.19041.1_none_b555e41d4684ddec;C:\Program Files\JetBrains\IntelliJ IDEA Community Edition 2020.1\jbr\bin\server;C:\Users\1\.gradle\native\30\windows-amd64

VM Arguments:
jvm_args: --add-opens=java.base/java.util=ALL-UNNAMED --add-opens=java.base/java.lang=ALL-UNNAMED --add-opens=java.base/java.lang.invoke=ALL-UNNAMED --add-opens=java.prefs/java.util.prefs=ALL-UNNAMED -Xmx1536m -Dfile.encoding=windows-1251 -Duser.country=RU -Duser.language=ru -Duser.variant 
java_command: org.gradle.launcher.daemon.bootstrap.GradleDaemon 5.6.4
java_class_path (initial): C:\Users\1\.gradle\wrapper\dists\gradle-5.6.4-all\ankdp27end7byghfw1q2sw75f\gradle-5.6.4\lib\gradle-launcher-5.6.4.jar
Launcher Type: SUN_STANDARD

[Global flags]
     intx CICompilerCount                          = 3                                         {product} {ergonomic}
     uint ConcGCThreads                            = 1                                         {product} {ergonomic}
     uint G1ConcRefinementThreads                  = 4                                         {product} {ergonomic}
   size_t G1HeapRegionSize                         = 1048576                                   {product} {ergonomic}
    uintx GCDrainStackTargetSize                   = 64                                        {product} {ergonomic}
   size_t InitialHeapSize                          = 65011712                                  {product} {ergonomic}
   size_t MarkStackSize                            = 4194304                                   {product} {ergonomic}
   size_t MaxHeapSize                              = 1610612736                                {product} {command line}
   size_t MaxNewSize                               = 965738496                                 {product} {ergonomic}
   size_t MinHeapDeltaBytes                        = 1048576                                   {product} {ergonomic}
    uintx NonNMethodCodeHeapSize                   = 5830732                                {pd product} {ergonomic}
    uintx NonProfiledCodeHeapSize                  = 122913754                              {pd product} {ergonomic}
    uintx ProfiledCodeHeapSize                     = 122913754                              {pd product} {ergonomic}
    uintx ReservedCodeCacheSize                    = 251658240                              {pd product} {ergonomic}
     bool SegmentedCodeCache                       = true                                      {product} {ergonomic}
     bool UseCompressedClassPointers               = true                                 {lp64_product} {ergonomic}
     bool UseCompressedOops                        = true                                 {lp64_product} {ergonomic}
     bool UseG1GC                                  = true                                      {product} {ergonomic}
     bool UseLargePagesIndividualAllocation        = false                                  {pd product} {ergonomic}

Logging:
Log output configuration:
 #0: stdout all=warning uptime,level,tags
 #1: stderr all=off uptime,level,tags

Environment Variables:
PATH=C:\Program Files (x86)\Common Files\Oracle\Java\javapath;C:\ProgramData\Oracle\Java\javapath;C:\Program Files (x86)\Common Files\Intel\Shared Libraries\redist\intel64\compiler;C:\WINDOWS\system32;C:\WINDOWS;C:\WINDOWS\System32\Wbem;C:\WINDOWS\System32\WindowsPowerShell\v1.0\;C:\WINDOWS\System32\OpenSSH\;C:\Program Files\Git\cmd;C:\Users\1\AppData\Local\Microsoft\WindowsApps;;C:\Users\1\AppData\Local\Programs\Microsoft VS Code\bin
USERNAME=1
OS=Windows_NT
PROCESSOR_IDENTIFIER=Intel64 Family 6 Model 92 Stepping 9, GenuineIntel



---------------  S Y S T E M  ---------------

OS: Windows 10 , 64 bit Build 19041 (10.0.19041.207)

CPU:total 4 (initial active 4) (4 cores per cpu, 1 threads per core) family 6 model 92 stepping 9, cmov, cx8, fxsr, mmx, sse, sse2, sse3, ssse3, sse4.1, sse4.2, popcnt, aes, clmul, erms, 3dnowpref, tsc, tscinvbit, sha

Memory: 4k page, system-wide physical 3920M (1037M free)
TotalPageFile size 6944M (AvailPageFile size 16M)
current process WorkingSet (physical memory assigned to process): 236M, peak: 241M
current process commit charge ("private bytes"): 263M, peak: 281M

vm_info: OpenJDK 64-Bit Server VM (11.0.6+8-b765.25) for windows-amd64 JRE (11.0.6+8-b765.25), built on Mar 30 2020 12:57:22 by "" with MS VC++ 14.0 (VS2015)

END.
